Case #1: [E, A]
Case #2: [R, I, R]
Case #3: [F, D, T]
Case #4: [E, R, A]
Case #5: [Q, W]
Case #6: [R, Q, D, S, O, R, W, Q, S]
Case #7: [E, F, W, D, T, W]
Case #8: [R, Q]
Case #9: [D, D, F, F, Q, F, U, D, R]
Case #10: [F, W, S, A, K, A, A, D, D]
Case #11: [W]
Case #12: [D, W, E, C, E, W, W, A, R]
Case #13: [W, D, S]
Case #14: [S, F, D, Q, S, A, F, D, U]
Case #15: [E, I, R, W, F, F, S, S, W]
Case #16: [R, F, W, Q, J, E, J, Q]
Case #17: [Q, F, S, D, S, Z, W, S, D]
Case #18: [R, W, O, A, A, W, R, W, S]
Case #19: [A, W, D, S, D, R, U, R, S]
Case #20: [D, E, R, O, O, W, F, R]
Case #21: [A, A, A, A, A, A, A, A, A, A]
Case #22: [A, Z, Z, Z, Z, A]
Case #23: [Q, D, F]
Case #24: [F, P, Q, Q]
Case #25: [Q, Q, R, S, W, S, R, J, R]
Case #26: [W, A, W]
Case #27: [S, W, I, A, S, Q, A, S, A]
Case #28: [D, R, P, P, S]
Case #29: [A, R, S, E, L, A, F, D, A]
Case #30: [F, E]
Case #31: [A, F, F, N, F]
Case #32: [F, E, S, S, Q, S, D, O, S]
Case #33: [S, U]
Case #34: [F, R, R, Q, F, D]
Case #35: [R, E, D, D, R, I, S, R, W]
Case #36: [W, A, U, S, S, R]
Case #37: [E, S, S]
Case #38: [Q, Q, W, E, R, G, D, F, S]
Case #39: [D]
Case #40: []
Case #41: [E, D]
Case #42: [W, W, E]
Case #43: [Q, R, S, S, C, R, W, E, Q]
Case #44: []
Case #45: [A, R, G, W, G, Q, S, A]
Case #46: [E, A, D, W, W, F, Q, W, P]
Case #47: [R, S, E, S, D, F, D, S, U]
Case #48: [W]
Case #49: [A, N, W, N, W, N, D]
Case #50: [E, A, W, Q, S, S, S, P, S]
Case #51: [F, N, N, E, R, F, D, F]
Case #52: [Q, R, G, S, Q, F, E, W, E]
Case #53: [S]
Case #54: []
Case #55: [S, R, S, G, W]
Case #56: [A]
Case #57: [A, R, F]
Case #58: [D, R, E, S, C, E, D, Q, R]
Case #59: []
Case #60: [R, B, A, W]
Case #61: [Q, R, W, W, V]
Case #62: [Q, A, Q, S]
Case #63: [F, D, E, A]
Case #64: [A, S]
Case #65: [E, S, A, D, E, W, R, R, S, F]
Case #66: [D, F, A, A, C, E, R, R, D]
Case #67: [E, D, F, S, E, W, D, G, F]
Case #68: [D, Z, D, Z, Q, S, S, Q]
Case #69: [F]
Case #70: []
Case #71: [Q, O, O, S, E, R, S, W]
Case #72: [E, D, Q, S, Z, E, Q, W, D]
Case #73: [A, R, S, R, F, G, S, A, D]
Case #74: [E, S, E, M, D, A, Q, F, D]
Case #75: [D, E, A, F, D, E, A, R, S]
Case #76: [E]
Case #77: [S, P, W, E, P, S, Q, D]
Case #78: [E, K]
Case #79: [D, D, D, A, S, D, F, Z, D]
Case #80: []
Case #81: [W, H, S, Q, A, R, R, R, E]
Case #82: [D, D, D, S, G, R, W, E, W]
Case #83: [E, W, F, Q, E, R, W, R, J]
Case #84: []
Case #85: [F, D, D, K, Q, D, F, K]
Case #86: [A, X, X, E, W, D, A, Q]
Case #87: [W, E, Q, A, U, D, S, Q, Q]
Case #88: [E, D, R]
Case #89: [W, W, E, A, Q, C, D, A, W]
Case #90: [A, H]
Case #91: []
Case #92: [A, D, W, F, Q, E, D, F, Q, A]
Case #93: [Q]
Case #94: [D, J, W]
Case #95: [S, D, W, A, W, T]
Case #96: [A, H, S]
Case #97: [E, Q, F, D, W, S, E, N, S]
Case #98: [R, S]
Case #99: [A, D, Z, Q]
Case #100: [W, R, D, Z, R, F]
