Case #1: our language is impossible to understand
Case #2: there are twenty six factorial possibilities
Case #3: so it is okay if you want to just give up
Case #4: xoggk d yl wxo vkkvgo ekso uyl wonw sywy
Case #5: xkf yto akj
Case #6: yabba dabba yabba dabba yabba dabba yabba dabba yabba dabba yabba dabba yabba dabba yabba dooooooooo
Case #7: a b c d e f g h i j k l m n o p q r s t u v y w x y z now i know my abcs
Case #8: next time wont you sing with me
Case #9: oh yeah alright were gonna shake it up with the party bear tonight
Case #10: in a world of direwolves and lions sometimes the rarest creature is a friend
Case #11: you want sell things at me boing zooom
Case #12: now that you know googlerese please do not use it to hack into our systems
Case #13: thank you but the real googlerese is in another castle
Case #14: i have bested fruit spike and moon now i shall best you the guy
Case #15: friends dont let friends let scientific progress go boink
Case #16: f of two equals f of one equals one
Case #17: for i between three and n f of i equals f of i minus one plus f of i minus two
Case #18: how are you holding up because im a potato
Case #19: translating text is not goros strength
Case #20: strength is goros strength
Case #21: im commander shepard and this is my favorite problem on the google code jam
Case #22: you better cut the pizza in four pieces because im not hungry enough to eat six
Case #23: pneumonoultramicroscopicsilicovolcanoconiosis
Case #24: our code jam is like the pythagorean theorem
Case #25: there is no answer
Case #26: for those who speak in a tongue do not speak to other people
Case #27: nobody understands them since they are speaking mysteries in the spirit
Case #28: you pissed off the chicken lady
Case #29: each of us has his own special gift and you know this was meant to be true
Case #30: and if you dont underestimate me i wont underestimate you
