Case #1: 33.333333 66.666667
Case #2: 0.000000 100.000000
Case #3: 25.000000 25.000000 25.000000 25.000000
Case #4: 34.666667 26.666667 38.666667
Case #5: 100.000000 0.000000
Case #6: 33.333333 0.000000 33.333333 0.000000 33.333333
Case #7: 13.585434 13.585434 18.627451 15.896359 12.955182 25.350140
Case #8: 33.333333 66.666667
Case #9: 64.971751 14.124294 20.903955
Case #10: 33.663366 33.663366 0.000000 0.000000 32.673267
Case #11: 20.000000 20.000000 20.000000 20.000000 20.000000
Case #12: 10.000000 10.000000 10.000000 10.000000 10.000000 10.000000 10.000000 10.000000 10.000000 10.000000
Case #13: 83.783784 16.216216
Case #14: 23.392226 4.664311 24.452297 23.392226 24.098940
Case #15: 9.563994 13.572433 14.838256 12.517581 11.462729 7.454290 11.673699 9.353024 9.563994
Case #16: 12.500000 0.000000 12.500000 12.500000 12.500000 12.500000 12.500000 12.500000 12.500000
Case #17: 25.000000 0.000000 25.000000 25.000000 25.000000
Case #18: 0.000000 33.660131 0.000000 33.660131 32.679739
Case #19: 50.000000 50.000000
Case #20: 11.111111 11.111111 11.111111 11.111111 11.111111 0.000000 11.111111 11.111111 11.111111 11.111111
