Case #1: 33.33333 66.66667
Case #2: 0.00000 100.00000
Case #3: 25.00000 25.00000 25.00000 25.00000
Case #4: 34.66667 26.66667 38.66667
Case #5: 0.00000 40.00000 40.00000 40.00000 40.00000
Case #6: 20.00000 20.00000 20.00000 20.00000 20.00000
Case #7: 10.54326 0.00000 11.95171 12.15292 11.54930 10.94567 10.94567 10.34205 10.74447 10.94567
Case #8: 51.85185 48.14815
Case #9: 50.00000 50.00000
Case #10: 22.22222 22.22222 22.22222 22.22222 22.22222 22.22222 0.00000 22.22222 22.22222
Case #11: 0.00000 0.00000 28.57143 0.00000 28.57143 28.57143 27.95793
Case #12: 40.54054 59.45946
Case #13: 33.33333 66.66667
Case #14: 37.32535 32.53493 30.13972
Case #15: 9.37677 8.95184 12.35127 7.25212 8.52691 12.49292 10.65156 7.81870 10.93484 11.64306
Case #16: 21.95767 21.95767 0.00000 22.22222 22.22222 21.95767 0.00000 0.00000 0.00000
Case #17: 10.00000 10.00000 10.00000 10.00000 10.00000 10.00000 10.00000 10.00000 10.00000 10.00000
Case #18: 0.00000 100.00000
Case #19: 11.74456 9.58740 14.51806 8.50882 11.59048 10.20373 10.04965 12.20681 11.59048
Case #20: 15.28698 9.98896 8.22296 8.44371 15.72848 15.72848 14.40397 12.19647
