Case #1: 33.333333 66.666667
Case #2: 0.000000 100.000000
Case #3: 25.000000 25.000000 25.000000 25.000000
Case #4: 34.666667 26.666667 38.666667
Case #5: 33.333333 66.666667
Case #6: 40.000000 40.000000 40.000000 -60.000000 40.000000
Case #7: 19.047619 80.952381
Case #8: 28.027950 28.571429 28.027950 -4.580745 -4.037267 -4.037267 28.027950
Case #9: 12.864622 15.482423 15.220643 14.173523 14.958863 16.005984 11.293942
Case #10: 11.111111 11.111111 11.111111 11.111111 11.111111 11.111111 11.111111 11.111111 11.111111
Case #11: 50.000000 50.000000
Case #12: 2.546816 23.895131 27.640449 24.269663 21.647940
Case #13: -4.761905 -4.761905 28.015873 28.571429 -4.206349 28.571429 28.571429
Case #14: 10.000000 10.000000 10.000000 10.000000 10.000000 10.000000 10.000000 10.000000 10.000000 10.000000
Case #15: 16.388687 15.881073 16.134880 16.642495 15.881073 3.190718 15.881073
Case #16: 0.000000 100.000000
Case #17: 10.548204 10.359168 7.901701 11.871456 11.304348 7.145558 11.115312 10.170132 7.901701 11.682420
Case #18: 12.441447 10.586472 10.923740 11.766910 7.551059 7.551059 13.959153 13.959153 11.261008
Case #19: 78.947368 21.052632
Case #20: 11.078067 10.706320 1.412639 11.449814 10.706320 10.892193 11.078067 10.706320 11.263941 10.706320
