Case #1:
*..
*..
...
..c
Case #2:
Impossible
Case #3:
*
*
*
*
c
Case #4:
****
****
****
***c
Case #5:
*****
*****
**...
*....
*...c
Case #6:
Impossible
Case #7:
**
..
.c
Case #8:
Impossible
Case #9:
Impossible
Case #10:
Impossible
Case #11:
*..
...
...
..c
Case #12:
Impossible
Case #13:
*****
*****
*****
*****
****c
Case #14:
***
***
*..
...
..c
Case #15:
*..
...
...
...
..c
Case #16:
Impossible
Case #17:
***..
*....
.....
.....
....c
Case #18:
Impossible
Case #19:
***
*..
...
..c
Case #20:
*****
***..
*....
*...c
Case #21:
***
***
...
..c
Case #22:
.....
.....
.....
....c
Case #23:
Impossible
Case #24:
*
*
c
Case #25:
...c
Case #26:
***
***
***
*..
*.c
Case #27:
**c
Case #28:
***
***
***
**c
Case #29:
..
..
..
.c
Case #30:
Impossible
Case #31:
*****
***..
.....
.....
....c
Case #32:
.c
Case #33:
*****
*****
*....
*....
*...c
Case #34:
*
.
.
.
c
Case #35:
****
****
*...
*..c
Case #36:
Impossible
Case #37:
*...
*..c
Case #38:
***
***
***
...
..c
Case #39:
*****
*****
***..
***.c
Case #40:
Impossible
Case #41:
*....
.....
.....
....c
Case #42:
*
*
*
.
c
Case #43:
***..
***.c
Case #44:
Impossible
Case #45:
Impossible
Case #46:
Impossible
Case #47:
.
.
.
c
Case #48:
..c
Case #49:
****
****
**..
....
...c
Case #50:
*****
**...
**..c
Case #51:
Impossible
Case #52:
*...
*...
....
....
...c
Case #53:
*
*
.
.
c
Case #54:
***
**c
Case #55:
**...
.....
.....
....c
Case #56:
****
....
....
...c
Case #57:
....
....
....
...c
Case #58:
Impossible
Case #59:
****
****
****
****
***c
Case #60:
*****
*****
**...
**...
**..c
Case #61:
.
.
.
.
c
Case #62:
Impossible
Case #63:
****
*...
*..c
Case #64:
Impossible
Case #65:
.....
.....
....c
Case #66:
*****
***..
**...
**..c
Case #67:
Impossible
Case #68:
*....
*....
*...c
Case #69:
**
**
**
..
.c
Case #70:
***
*..
...
...
..c
Case #71:
**
**
**
**
*c
Case #72:
...
...
...
..c
Case #73:
*..
*.c
Case #74:
Impossible
Case #75:
*....
.....
....c
Case #76:
**.c
Case #77:
Impossible
Case #78:
....
....
...c
Case #79:
****
*...
*...
*..c
Case #80:
**...
.....
....c
Case #81:
*****
***..
***.c
Case #82:
*....
*...c
Case #83:
**..
*...
....
...c
Case #84:
**
..
..
.c
Case #85:
Impossible
Case #86:
*****
***..
*....
*....
*...c
Case #87:
...
...
..c
Case #88:
****
****
***c
Case #89:
**...
*....
*....
*...c
Case #90:
Impossible
Case #91:
Impossible
Case #92:
**...
.....
.....
.....
....c
Case #93:
****c
Case #94:
*...
*...
*...
....
...c
Case #95:
Impossible
Case #96:
***
***
**c
Case #97:
*****
*****
****c
Case #98:
Impossible
Case #99:
*
.
.
c
Case #100:
***
*..
*.c
Case #101:
***
***
*..
*.c
Case #102:
****
****
*...
*...
*..c
Case #103:
***..
**...
**..c
Case #104:
Impossible
Case #105:
****
**..
....
....
...c
Case #106:
**
**
**
*c
Case #107:
**
**
..
..
.c
Case #108:
*...c
Case #109:
..
..
.c
Case #110:
****
....
....
....
...c
Case #111:
****
****
....
....
...c
Case #112:
**
**
*c
Case #113:
Impossible
Case #114:
***..
*....
*....
*...c
Case #115:
c
Case #116:
*
*
*
c
Case #117:
Impossible
Case #118:
*.c
Case #119:
...
...
...
...
..c
Case #120:
***
...
...
...
..c
Case #121:
***..
.....
.....
....c
Case #122:
***..
*....
*...c
Case #123:
****
**..
....
...c
Case #124:
Impossible
Case #125:
Impossible
Case #126:
*****
*****
**...
**..c
Case #127:
****
**..
*...
*..c
Case #128:
*****
*****
***..
**...
**..c
Case #129:
****
****
*...
....
...c
Case #130:
Impossible
Case #131:
Impossible
Case #132:
Impossible
Case #133:
*****
*....
.....
.....
....c
Case #134:
**...
**..c
Case #135:
****
*...
....
....
...c
Case #136:
***
*..
*..
...
..c
Case #137:
Impossible
Case #138:
****
****
**..
*...
*..c
Case #139:
*****
*....
*....
*....
*...c
Case #140:
Impossible
Case #141:
****
*...
....
...c
Case #142:
**
*c
Case #143:
Impossible
Case #144:
Impossible
Case #145:
.
.
c
Case #146:
***
...
..c
Case #147:
*...
....
...c
Case #148:
**...
*....
.....
.....
....c
Case #149:
*****
***..
**...
*....
*...c
Case #150:
****
****
****
**..
**.c
Case #151:
**..
....
...c
Case #152:
...
..c
Case #153:
Impossible
Case #154:
*****
*****
***..
*....
*...c
Case #155:
....
....
....
....
...c
Case #156:
Impossible
Case #157:
*...
....
....
...c
Case #158:
*****
****c
Case #159:
****
****
**..
**.c
Case #160:
Impossible
Case #161:
Impossible
Case #162:
****
****
****
*...
*..c
Case #163:
Impossible
Case #164:
****
***c
Case #165:
*c
Case #166:
.
c
Case #167:
Impossible
Case #168:
*****
**...
*....
*...c
Case #169:
***
***
***
***
**c
Case #170:
Impossible
Case #171:
Impossible
Case #172:
Impossible
Case #173:
**...
**...
**..c
Case #174:
Impossible
Case #175:
*...
*...
*..c
Case #176:
**..
**.c
Case #177:
Impossible
Case #178:
*****
*....
*....
*...c
Case #179:
***.c
Case #180:
Impossible
Case #181:
*....
.....
.....
.....
....c
Case #182:
*..c
Case #183:
****
**..
**.c
Case #184:
Impossible
Case #185:
*****
**...
**...
**..c
Case #186:
....
...c
Case #187:
***..
**...
*....
*...c
Case #188:
Impossible
Case #189:
....c
Case #190:
****
**..
*...
....
...c
Case #191:
*****
*****
*****
**...
**..c
Case #192:
*****
*****
*****
***..
***.c
Case #193:
*
c
Case #194:
***c
Case #195:
**..c
Case #196:
*..
*..
...
...
..c
Case #197:
**..
....
....
...c
Case #198:
Impossible
Case #199:
..
..
..
..
.c
Case #200:
Impossible
Case #201:
..
.c
Case #202:
*
*
.
c
Case #203:
*****
*****
*****
****c
Case #204:
*....
*....
*....
*...c
Case #205:
Impossible
Case #206:
Impossible
Case #207:
.....
.....
.....
.....
....c
Case #208:
**...
*....
*...c
Case #209:
**..
*...
*..c
Case #210:
.....
....c
Case #211:
*****
**...
*....
*....
*...c
Case #212:
**
**
..
.c
Case #213:
Impossible
Case #214:
Impossible
Case #215:
*
.
c
Case #216:
***
***
...
...
..c
Case #217:
Impossible
Case #218:
Impossible
Case #219:
*****
.....
.....
.....
....c
Case #220:
*...
....
....
....
...c
Case #221:
Impossible
Case #222:
**
..
..
..
.c
Case #223:
*..
...
..c
Case #224:
*****
**...
.....
.....
....c
Case #225:
***
...
...
..c
