Case #1:
****
****
*...
....
...c
Case #2:
***..
*....
*...c
Case #3:
**...
.....
.....
....c
================
*****
*****
*****
****.
***.c
================
Case #4:
Impossible
Case #5:
*....
*...c
Case #6:
*****
**...
**...
**..c
Case #7:
*****
***..
.....
.....
....c
================
*****
*****
***..
**..c
================
Case #8:
Impossible
Case #9:
**.c
Case #10:
***c
Case #11:
..
..
..
..
.c
Case #12:
****
....
....
....
...c
Case #13:
***
*..
*.c
================
***.
**.c
================
Case #14:
Impossible
Case #15:
***
***
...
...
..c
================
****.
**...
**..c
================
Case #16:
Impossible
Case #17:
.....
....c
================
*****
***.c
================
Case #18:
Impossible
Case #19:
***..
.....
.....
....c
Case #20:
****
****
****
**..
**.c
Case #21:
****
**..
....
...c
Case #22:
**
**
*c
================
***
***
***
***
*.c
================
Case #23:
Impossible
Case #24:
****
*...
*..c
================
***.
....
....
...c
================
Case #25:
Impossible
Case #26:
****
****
**..
....
...c
Case #27:
*...c
Case #28:
*...
....
....
...c
Case #29:
**..
....
...c
Case #30:
*****
*****
*****
****c
Case #31:
*****
*****
***..
**...
**..c
Case #32:
....
....
....
....
...c
================
***
*.c
================
Case #33:
Impossible
Case #34:
*...
*...
*...
....
...c
Case #35:
****
**..
**.c
Case #36:
**...
.....
.....
.....
....c
Case #37:
***
...
...
..c
Case #38:
**
**
**
*c
Case #39:
...
...
...
..c
================
****.
*....
*....
*...c
================
Case #40:
Impossible
Case #41:
*****
**...
*....
*....
*...c
Case #42:
..c
Case #43:
****
*...
....
....
...c
================
*..
..c
================
Case #44:
Impossible
Case #45:
....c
================
***
***
**.
...
..c
================
Case #46:
Impossible
================
***
***
***
*.c
================
Case #47:
Impossible
Case #48:
**
**
**
..
.c
================
****
****
**..
*..c
================
Case #49:
Impossible
================
***
*..
..c
================
Case #50:
Impossible
Case #51:
****
****
****
***c
================
***
**.
...
..c
================
Case #52:
Impossible
Case #53:
*...
*...
....
....
...c
Case #54:
*
*
*
*
c
Case #55:
***
***
***
...
..c
Case #56:
*****
**...
*....
*...c
Case #57:
.
.
c
Case #58:
*..
...
...
...
..c
Case #59:
*....
*....
*....
*...c
Case #60:
***..
*....
*....
*...c
Case #61:
.
.
.
.
c
================
***
***
*..
..c
================
Case #62:
Impossible
================
****
****
****
****
**.c
================
Case #63:
Impossible
Case #64:
****
**..
....
....
...c
Case #65:
**
**
..
.c
Case #66:
****
****
***c
Case #67:
***
**c
Case #68:
..
.c
Case #69:
*....
.....
.....
.....
....c
================
*.
..
.c
================
Case #70:
Impossible
Case #71:
*..
*..
...
...
..c
================
*****
****.
***.c
================
Case #72:
Impossible
Case #73:
...c
Case #74:
**..
**.c
Case #75:
*****
*****
**...
*....
*...c
================
****
****
****
***.
**.c
================
Case #76:
Impossible
================
**.
*.c
================
Case #77:
Impossible
Case #78:
.c
================
****
****
**.c
================
Case #79:
Impossible
Case #80:
*****
**...
**..c
Case #81:
***
*..
...
..c
Case #82:
**..c
Case #83:
*
*
*
.
c
Case #84:
*****
*****
****c
Case #85:
***
***
...
..c
Case #86:
*****
*****
*****
*****
****c
================
*.
.c
================
Case #87:
Impossible
Case #88:
....
...c
Case #89:
...
..c
Case #90:
*
*
.
.
c
================
**
*.
..
..
.c
================
Case #91:
Impossible
Case #92:
*...
*..c
Case #93:
**
..
..
.c
Case #94:
*****
*****
**...
**..c
Case #95:
**c
================
*****
****.
*....
*....
*...c
================
Case #96:
Impossible
Case #97:
*...
....
...c
================
***.
*...
*..c
================
Case #98:
Impossible
================
*****
*****
*****
***.c
================
Case #99:
Impossible
Case #100:
*****
*****
***..
***.c
Case #101:
**...
*....
*....
*...c
Case #102:
****
....
....
...c
Case #103:
.....
.....
.....
.....
....c
Case #104:
...
...
...
...
..c
================
*****
***..
**..c
================
Case #105:
Impossible
Case #106:
****
****
*...
*..c
Case #107:
*****
***..
*....
*...c
Case #108:
**...
**..c
================
****.
***.c
================
Case #109:
Impossible
================
****
***.
**.c
================
Case #110:
Impossible
Case #111:
*
.
c
Case #112:
*..
...
...
..c
================
*...
...c
================
Case #113:
Impossible
Case #114:
*****
.....
.....
.....
....c
Case #115:
...
...
..c
Case #116:
****
****
**..
*...
*..c
Case #117:
*
.
.
c
================
***..
**..c
================
Case #118:
Impossible
================
**..
*..c
================
Case #119:
Impossible
================
****
****
****
**.c
================
Case #120:
Impossible
Case #121:
*..
*..
...
..c
================
*****
*****
*****
***..
**..c
================
Case #122:
Impossible
Case #123:
c
================
**
**
*.
..
.c
================
Case #124:
Impossible
================
****
****
***.
**.c
================
Case #125:
Impossible
Case #126:
*....
*....
*...c
================
***
**.
*.c
================
Case #127:
Impossible
Case #128:
***
***
***
**c
================
*****
*****
***.c
================
Case #129:
Impossible
Case #130:
....
....
...c
Case #131:
*****
*****
***..
*....
*...c
================
**
*.
..
.c
================
Case #132:
Impossible
Case #133:
**...
.....
....c
Case #134:
*****
***..
***.c
Case #135:
*
.
.
.
c
================
*****
****.
**...
**..c
================
Case #136:
Impossible
Case #137:
**..
*...
*..c
Case #138:
****
*...
*...
*..c
================
**
*.
.c
================
Case #139:
Impossible
Case #140:
***.c
Case #141:
****
****
**..
**.c
Case #142:
*****
**...
.....
.....
....c
Case #143:
****c
Case #144:
.
c
Case #145:
....
....
....
...c
================
****
****
****
**..
*..c
================
Case #146:
Impossible
Case #147:
.....
.....
.....
....c
Case #148:
**
..
.c
================
**.
...
..c
================
Case #149:
Impossible
Case #150:
***
***
**c
Case #151:
***
*..
...
...
..c
================
**
**
**
**
.c
================
Case #152:
Impossible
================
*.
..
..
.c
================
Case #153:
Impossible
Case #154:
*..
...
..c
Case #155:
*****
*****
*****
**...
**..c
Case #156:
***
***
***
***
**c
================
*****
*****
****.
***.c
================
Case #157:
Impossible
Case #158:
****
****
****
****
***c
================
*.
..
..
..
.c
================
Case #159:
Impossible
================
**
.c
================
Case #160:
Impossible
================
***
***
**.
*.c
================
Case #161:
Impossible
Case #162:
*****
***..
*....
*....
*...c
Case #163:
*
*
c
Case #164:
**...
**...
**..c
Case #165:
*****
*....
*....
*....
*...c
================
*****
*****
****.
**...
**..c
================
Case #166:
Impossible
Case #167:
*....
.....
....c
Case #168:
*****
*****
*****
***..
***.c
Case #169:
*
*
*
c
Case #170:
****
**..
*...
*..c
Case #171:
.....
.....
....c
Case #172:
*...
....
....
....
...c
Case #173:
**
..
..
..
.c
Case #174:
.
.
.
c
================
*....
....c
================
Case #175:
Impossible
Case #176:
*****
*....
*....
*...c
================
**...
*...c
================
Case #177:
Impossible
================
**
**
*.
.c
================
Case #178:
Impossible
Case #179:
**
**
..
..
.c
Case #180:
*c
Case #181:
***
***
*..
...
..c
Case #182:
*
c
Case #183:
****
***c
================
***
***
***
**.
*.c
================
Case #184:
Impossible
Case #185:
***
***
*..
*.c
================
****
***.
....
....
...c
================
Case #186:
Impossible
================
**
**
**
*.
.c
================
Case #187:
Impossible
Case #188:
*
*
.
c
Case #189:
..
..
..
.c
Case #190:
**
*c
Case #191:
*****
***..
**...
**..c
================
*****
*****
*****
*****
***.c
================
Case #192:
Impossible
Case #193:
..
..
.c
Case #194:
****
****
****
*...
*..c
================
****
****
***.
*...
*..c
================
Case #195:
Impossible
Case #196:
***
...
..c
Case #197:
**...
*....
*...c
Case #198:
****
****
....
....
...c
================
**
**
.c
================
Case #199:
Impossible
Case #200:
***..
***.c
================
**
**
**
.c
================
Case #201:
Impossible
Case #202:
***
...
...
...
..c
Case #203:
**
**
**
**
*c
Case #204:
**..
....
....
...c
Case #205:
*****
*....
.....
.....
....c
================
****
***.
*...
*..c
================
Case #206:
Impossible
Case #207:
*****
****c
================
***
***
***
*..
..c
================
Case #208:
Impossible
Case #209:
***..
**...
**..c
Case #210:
*****
*****
*....
*....
*...c
Case #211:
***
*..
*..
...
..c
================
***
***
*.c
================
Case #212:
Impossible
Case #213:
*....
.....
.....
....c
Case #214:
****
****
*...
*...
*..c
Case #215:
*..
*.c
Case #216:
***..
.....
.....
.....
....c
Case #217:
***
***
***
*..
*.c
================
****.
.....
.....
.....
....c
================
Case #218:
Impossible
Case #219:
*..c
================
****
**..
*..c
================
Case #220:
Impossible
Case #221:
****
*...
....
...c
Case #222:
*****
*****
**...
**...
**..c
Case #223:
*.c
================
****
**.c
================
Case #224:
Impossible
Case #225:
*...
*...
*..c
