Case #1:
Impossible
Case #2:
****
****
****
****
***c
Case #3:
****
**..
....
...c
Case #4:
Impossible
Case #5:
*..
*..
*..
...
..c
Case #6:
*..
...
..c
Case #7:
...
...
...
..c
Case #8:
***
*..
...
..c
Case #9:
Impossible
Case #10:
Impossible
Case #11:
..
..
..
.c
Case #12:
Impossible
Case #13:
Impossible
Case #14:
Impossible
Case #15:
Impossible
Case #16:
Impossible
Case #17:
*
*
*
.
c
Case #18:
*****
*....
.....
.....
....c
Case #19:
Impossible
Case #20:
Impossible
Case #21:
**..c
Case #22:
*
.
.
c
Case #23:
Impossible
Case #24:
*****
*****
*****
*****
****c
Case #25:
****
****
****
***c
Case #26:
*****
*****
***..
**...
**..c
Case #27:
****
****
**..
....
...c
Case #28:
Impossible
Case #29:
Impossible
Case #30:
Impossible
Case #31:
Impossible
Case #32:
Impossible
Case #33:
Impossible
Case #34:
**...
.....
.....
....c
Case #35:
*..
*..
...
..c
Case #36:
Impossible
Case #37:
Impossible
Case #38:
**...
*....
*...c
Case #39:
Impossible
Case #40:
Impossible
Case #41:
Impossible
Case #42:
Impossible
Case #43:
Impossible
Case #44:
....c
Case #45:
****
****
**..
*...
*..c
Case #46:
*...
*...
*...
....
...c
Case #47:
Impossible
Case #48:
Impossible
Case #49:
Impossible
Case #50:
Impossible
Case #51:
*****
*****
***..
*....
*...c
Case #52:
Impossible
Case #53:
Impossible
Case #54:
***..
.....
.....
....c
Case #55:
...
...
...
...
..c
Case #56:
Impossible
Case #57:
Impossible
Case #58:
*..
*..
...
...
..c
Case #59:
Impossible
Case #60:
*...
*...
....
....
...c
Case #61:
Impossible
Case #62:
Impossible
Case #63:
Impossible
Case #64:
Impossible
Case #65:
....
...c
Case #66:
*
*
*
c
Case #67:
Impossible
Case #68:
Impossible
Case #69:
*****
*****
*****
****c
Case #70:
Impossible
Case #71:
Impossible
Case #72:
Impossible
Case #73:
Impossible
Case #74:
Impossible
Case #75:
****
***c
Case #76:
****
*...
....
....
...c
Case #77:
***
***
**c
Case #78:
**
**
*c
Case #79:
...c
Case #80:
*
*
.
c
Case #81:
*....
.....
....c
Case #82:
Impossible
Case #83:
***..
*....
*...c
Case #84:
Impossible
Case #85:
*****
**...
*....
*....
*...c
Case #86:
Impossible
Case #87:
Impossible
Case #88:
Impossible
Case #89:
Impossible
Case #90:
*****
***..
*....
*...c
Case #91:
Impossible
Case #92:
Impossible
Case #93:
Impossible
Case #94:
**
**
**
*c
Case #95:
*c
Case #96:
Impossible
Case #97:
Impossible
Case #98:
Impossible
Case #99:
**..
....
...c
Case #100:
....
....
....
...c
Case #101:
*...c
Case #102:
*
*
*
*
c
Case #103:
Impossible
Case #104:
*
*
.
.
c
Case #105:
Impossible
Case #106:
****
*...
....
...c
Case #107:
****
**..
*...
*..c
Case #108:
Impossible
Case #109:
Impossible
Case #110:
....
....
...c
Case #111:
**c
Case #112:
.c
Case #113:
***
*..
*..
...
..c
Case #114:
Impossible
Case #115:
Impossible
Case #116:
Impossible
Case #117:
*..c
Case #118:
Impossible
Case #119:
*...
....
....
....
...c
Case #120:
***
**c
Case #121:
****c
Case #122:
***..
.....
.....
.....
....c
Case #123:
*****
*****
****c
Case #124:
**
**
**
**
*c
Case #125:
*
*
c
Case #126:
***
*..
...
...
..c
Case #127:
Impossible
Case #128:
Impossible
Case #129:
**.c
Case #130:
**...
.....
....c
Case #131:
Impossible
Case #132:
Impossible
Case #133:
****
****
***c
Case #134:
**...
.....
.....
.....
....c
Case #135:
Impossible
Case #136:
Impossible
Case #137:
Impossible
Case #138:
*
.
c
Case #139:
*
c
Case #140:
Impossible
Case #141:
***..
.....
....c
Case #142:
Impossible
Case #143:
**..
*...
*..c
Case #144:
Impossible
Case #145:
***
***
***
***
**c
Case #146:
*....
.....
.....
....c
Case #147:
...
..c
Case #148:
Impossible
Case #149:
.....
....c
Case #150:
...
...
..c
Case #151:
Impossible
Case #152:
**
*c
Case #153:
Impossible
Case #154:
Impossible
Case #155:
....
....
....
....
...c
Case #156:
Impossible
Case #157:
**...
*....
*....
*...c
Case #158:
Impossible
Case #159:
Impossible
Case #160:
Impossible
Case #161:
Impossible
Case #162:
*...
....
...c
Case #163:
.....
.....
....c
Case #164:
***..
**...
**..c
Case #165:
.
.
.
.
c
Case #166:
..c
Case #167:
*****
**...
*....
*...c
Case #168:
*..
...
...
...
..c
Case #169:
Impossible
Case #170:
..
..
.c
Case #171:
Impossible
Case #172:
*****
****c
Case #173:
*..
...
...
..c
Case #174:
Impossible
Case #175:
*****
***..
.....
.....
....c
Case #176:
Impossible
Case #177:
***c
Case #178:
***
***
*..
...
..c
Case #179:
Impossible
Case #180:
Impossible
Case #181:
Impossible
Case #182:
*****
**...
.....
.....
....c
Case #183:
..
.c
Case #184:
***..
*....
*....
*...c
Case #185:
Impossible
Case #186:
Impossible
Case #187:
Impossible
Case #188:
****
**..
....
....
...c
Case #189:
c
Case #190:
.
.
.
c
Case #191:
Impossible
Case #192:
***
***
***
**c
Case #193:
Impossible
Case #194:
.....
.....
.....
....c
Case #195:
*...
....
....
...c
Case #196:
Impossible
Case #197:
Impossible
Case #198:
Impossible
Case #199:
Impossible
Case #200:
*****
*****
**...
*....
*...c
Case #201:
***.c
Case #202:
Impossible
Case #203:
*****
***..
**...
**..c
Case #204:
Impossible
Case #205:
Impossible
Case #206:
Impossible
Case #207:
Impossible
Case #208:
**..
....
....
...c
Case #209:
Impossible
Case #210:
Impossible
Case #211:
Impossible
Case #212:
.
.
c
Case #213:
****
****
*...
....
...c
Case #214:
Impossible
Case #215:
*....
.....
.....
.....
....c
Case #216:
Impossible
Case #217:
.
c
Case #218:
*.c
Case #219:
Impossible
Case #220:
*
.
.
.
c
Case #221:
*****
***..
*....
*....
*...c
Case #222:
Impossible
Case #223:
..
..
..
..
.c
Case #224:
.....
.....
.....
.....
....c
Case #225:
Impossible
