Case #1:
*****
*****
***..
**...
**..c
Case #2:
.....
.....
.....
.....
....c
Case #3:
****
*...
....
...c
Case #4:
Impossible
Case #5:
***
***
*..
...
..c
Case #6:
Impossible
Case #7:
*...
....
...c
Case #8:
Impossible
Case #9:
Impossible
Case #10:
Impossible
Case #11:
Impossible
Case #12:
.c
Case #13:
*****
*****
***..
***.c
Case #14:
**..
*...
*..c
Case #15:
**
**
**
**
*c
Case #16:
***..
*....
*...c
Case #17:
*....
*....
*....
*...c
Case #18:
**...
*....
*...c
Case #19:
****
****
****
***c
Case #20:
Impossible
Case #21:
***
***
***
*..
*.c
Case #22:
****
****
*...
....
...c
Case #23:
...
...
...
...
..c
Case #24:
c
Case #25:
Impossible
Case #26:
*...
*..c
Case #27:
***
***
*..
*.c
Case #28:
***
***
***
...
..c
Case #29:
.....
....c
Case #30:
Impossible
Case #31:
***.c
Case #32:
**.c
Case #33:
Impossible
Case #34:
****
****
****
**..
**.c
Case #35:
*****
*....
*....
*...c
Case #36:
Impossible
Case #37:
Impossible
Case #38:
***
...
...
...
..c
Case #39:
.
.
c
Case #40:
***
**c
Case #41:
Impossible
Case #42:
**...
**..c
Case #43:
Impossible
Case #44:
*...
....
....
...c
Case #45:
Impossible
Case #46:
Impossible
Case #47:
****
****
**..
**.c
Case #48:
Impossible
Case #49:
Impossible
Case #50:
Impossible
Case #51:
*..c
Case #52:
***
***
...
..c
Case #53:
**...
.....
.....
.....
....c
Case #54:
Impossible
Case #55:
..
..
..
..
.c
Case #56:
**
**
..
.c
Case #57:
**..
....
...c
Case #58:
Impossible
Case #59:
Impossible
Case #60:
**..c
Case #61:
...c
Case #62:
Impossible
Case #63:
*....
*...c
Case #64:
***..
*....
.....
.....
....c
Case #65:
**
**
*c
Case #66:
*
*
c
Case #67:
*****
*****
**...
**...
**..c
Case #68:
****
****
**..
*...
*..c
Case #69:
**
**
**
..
.c
Case #70:
*****
*****
*****
***..
***.c
Case #71:
Impossible
Case #72:
Impossible
Case #73:
**...
*....
.....
.....
....c
Case #74:
***
***
***
***
**c
Case #75:
Impossible
Case #76:
Impossible
Case #77:
**...
.....
....c
Case #78:
*****
***..
*....
*...c
Case #79:
Impossible
Case #80:
**
*c
Case #81:
*****
****c
Case #82:
****
**..
*...
*..c
Case #83:
*
*
.
.
c
Case #84:
****
****
*...
*...
*..c
Case #85:
*****
*****
*****
**...
**..c
Case #86:
**..
*...
....
...c
Case #87:
*****
*****
***..
*....
*...c
Case #88:
****
****
****
*...
*..c
Case #89:
Impossible
Case #90:
*****
*****
****c
Case #91:
***
*..
...
...
..c
Case #92:
....
....
....
...c
Case #93:
Impossible
Case #94:
***
...
...
..c
Case #95:
***
***
...
...
..c
Case #96:
....
...c
Case #97:
*****
*****
*....
*....
*...c
Case #98:
****
***c
Case #99:
*
*
*
.
c
Case #100:
*
*
*
c
Case #101:
****
**..
....
...c
Case #102:
.
c
Case #103:
Impossible
Case #104:
**...
.....
.....
....c
Case #105:
***
***
***
**c
Case #106:
**c
Case #107:
*****
***..
***.c
Case #108:
***..
**...
*....
*...c
Case #109:
****
****
****
****
***c
Case #110:
...
...
..c
Case #111:
*****
**...
**...
**..c
Case #112:
Impossible
Case #113:
Impossible
Case #114:
***
*..
*.c
Case #115:
****
**..
*...
....
...c
Case #116:
Impossible
Case #117:
Impossible
Case #118:
*
.
c
Case #119:
*...
*...
*...
....
...c
Case #120:
*....
.....
....c
Case #121:
Impossible
Case #122:
***..
**...
**..c
Case #123:
*
c
Case #124:
*****
.....
.....
.....
....c
Case #125:
*
.
.
c
Case #126:
Impossible
Case #127:
***c
Case #128:
..c
Case #129:
***
*..
...
..c
Case #130:
.....
.....
.....
....c
Case #131:
Impossible
Case #132:
***..
*....
*....
*...c
Case #133:
Impossible
Case #134:
*...
....
....
....
...c
Case #135:
.....
.....
....c
Case #136:
****
**..
**.c
Case #137:
****
*...
....
....
...c
Case #138:
*..
*.c
Case #139:
Impossible
Case #140:
*
*
.
c
Case #141:
*..
*..
...
...
..c
Case #142:
****
*...
*..c
Case #143:
Impossible
Case #144:
Impossible
Case #145:
Impossible
Case #146:
*
*
*
*
c
Case #147:
*****
**...
*....
*....
*...c
Case #148:
....c
Case #149:
**...
*....
*....
*...c
Case #150:
....
....
....
....
...c
Case #151:
****
****
***c
Case #152:
*****
**...
.....
.....
....c
Case #153:
Impossible
Case #154:
*....
.....
.....
.....
....c
Case #155:
Impossible
Case #156:
*****
*....
.....
.....
....c
Case #157:
..
..
.c
Case #158:
....
....
...c
Case #159:
Impossible
Case #160:
*...c
Case #161:
*....
.....
.....
....c
Case #162:
****
....
....
....
...c
Case #163:
*****
***..
*....
*....
*...c
Case #164:
Impossible
Case #165:
.
.
.
c
Case #166:
*****
*****
**...
**..c
Case #167:
Impossible
Case #168:
**..
....
....
...c
Case #169:
Impossible
Case #170:
****
**..
....
....
...c
Case #171:
**
**
**
*c
Case #172:
***..
***.c
Case #173:
...
..c
Case #174:
Impossible
Case #175:
***
*..
*..
...
..c
Case #176:
Impossible
Case #177:
Impossible
Case #178:
Impossible
Case #179:
**...
**...
**..c
Case #180:
*****
*****
*****
*****
****c
Case #181:
Impossible
Case #182:
*****
*....
*....
*....
*...c
Case #183:
****
....
....
...c
Case #184:
****
****
**..
....
...c
Case #185:
Impossible
Case #186:
***
***
**c
Case #187:
..
..
..
.c
Case #188:
Impossible
Case #189:
*...
*...
*..c
Case #190:
Impossible
Case #191:
**
..
..
.c
Case #192:
..
.c
Case #193:
****
****
*...
*..c
Case #194:
Impossible
Case #195:
*****
***..
.....
.....
....c
Case #196:
Impossible
Case #197:
*..
...
...
..c
Case #198:
Impossible
Case #199:
*****
***..
**...
**..c
Case #200:
*****
*****
*****
****c
Case #201:
*****
***..
**...
*....
*...c
Case #202:
*.c
Case #203:
***..
.....
.....
....c
Case #204:
*****
**...
**..c
Case #205:
Impossible
Case #206:
...
...
...
..c
Case #207:
****
*...
*...
*..c
Case #208:
*...
*...
....
....
...c
Case #209:
*
.
.
.
c
Case #210:
*..
*..
...
..c
Case #211:
****c
Case #212:
*....
*....
*...c
Case #213:
**
..
.c
Case #214:
*****
*****
**...
*....
*...c
Case #215:
*..
...
..c
Case #216:
***
...
..c
Case #217:
**
**
..
..
.c
Case #218:
****
****
....
....
...c
Case #219:
**
..
..
..
.c
Case #220:
.
.
.
.
c
Case #221:
**..
**.c
Case #222:
*..
...
...
...
..c
Case #223:
Impossible
Case #224:
*c
Case #225:
*****
**...
*....
*...c
