Case #1:
Impossible
Case #2:
***
***
***
**c
Case #3:
Impossible
Case #4:
*...
....
....
...c
Case #5:
Impossible
Case #6:
*
.
.
c
Case #7:
*****
****c
Case #8:
***c
Case #9:
**c
Case #10:
*
*
.
.
c
Case #11:
Impossible
Case #12:
***
**c
Case #13:
...
...
...
...
..c
Case #14:
**...
.....
....c
Case #15:
*****
*****
**...
*....
*...c
Case #16:
*....
.....
.....
.....
....c
Case #17:
Impossible
Case #18:
Impossible
Case #19:
.
.
.
c
Case #20:
*
*
.
c
Case #21:
.....
.....
....c
Case #22:
Impossible
Case #23:
Impossible
Case #24:
.
c
Case #25:
Impossible
Case #26:
Impossible
Case #27:
**
*c
Case #28:
*****
**...
*....
*...c
Case #29:
***..
**...
**..c
Case #30:
Impossible
Case #31:
Impossible
Case #32:
*..c
Case #33:
Impossible
Case #34:
Impossible
Case #35:
**..
....
....
...c
Case #36:
Impossible
Case #37:
**...
*....
*...c
Case #38:
....
....
....
...c
Case #39:
Impossible
Case #40:
*
*
*
c
Case #41:
****
****
****
****
***c
Case #42:
*****
*****
***..
**...
**..c
Case #43:
Impossible
Case #44:
Impossible
Case #45:
.
.
c
Case #46:
Impossible
Case #47:
Impossible
Case #48:
Impossible
Case #49:
Impossible
Case #50:
****
****
****
***c
Case #51:
Impossible
Case #52:
**..c
Case #53:
****
****
**..
*...
*..c
Case #54:
Impossible
Case #55:
Impossible
Case #56:
Impossible
Case #57:
*****
*****
*****
*****
****c
Case #58:
Impossible
Case #59:
****
****
***c
Case #60:
Impossible
Case #61:
***..
.....
....c
Case #62:
Impossible
Case #63:
Impossible
Case #64:
*..
...
..c
Case #65:
*.c
Case #66:
....c
Case #67:
***..
*....
*...c
Case #68:
Impossible
Case #69:
****
***c
Case #70:
Impossible
Case #71:
***..
.....
.....
.....
....c
Case #72:
Impossible
Case #73:
Impossible
Case #74:
Impossible
Case #75:
Impossible
Case #76:
*..
*..
...
..c
Case #77:
*..
*..
*..
...
..c
Case #78:
*
.
.
.
c
Case #79:
Impossible
Case #80:
Impossible
Case #81:
c
Case #82:
Impossible
Case #83:
Impossible
Case #84:
Impossible
Case #85:
.
.
.
.
c
Case #86:
Impossible
Case #87:
*****
*****
***..
*....
*...c
Case #88:
*
c
Case #89:
Impossible
Case #90:
Impossible
Case #91:
Impossible
Case #92:
Impossible
Case #93:
*****
**...
*....
*....
*...c
Case #94:
Impossible
Case #95:
***
***
***
***
**c
Case #96:
Impossible
Case #97:
Impossible
Case #98:
*..
*..
...
...
..c
Case #99:
Impossible
Case #100:
Impossible
Case #101:
...c
Case #102:
**
**
*c
Case #103:
Impossible
Case #104:
Impossible
Case #105:
Impossible
Case #106:
*...
....
....
....
...c
Case #107:
****
**..
*...
*..c
Case #108:
*c
Case #109:
*****
***..
.....
.....
....c
Case #110:
Impossible
Case #111:
Impossible
Case #112:
****
*...
....
...c
Case #113:
*...
*...
*...
....
...c
Case #114:
Impossible
Case #115:
Impossible
Case #116:
Impossible
Case #117:
*****
***..
**...
**..c
Case #118:
*****
***..
*....
*....
*...c
Case #119:
Impossible
Case #120:
.....
.....
.....
....c
Case #121:
Impossible
Case #122:
**..
*...
*..c
Case #123:
***
*..
...
..c
Case #124:
Impossible
Case #125:
Impossible
Case #126:
***
*..
*..
...
..c
Case #127:
*****
***..
*....
*...c
Case #128:
Impossible
Case #129:
Impossible
Case #130:
*****
*....
.....
.....
....c
Case #131:
Impossible
Case #132:
Impossible
Case #133:
Impossible
Case #134:
Impossible
Case #135:
..c
Case #136:
Impossible
Case #137:
Impossible
Case #138:
Impossible
Case #139:
*....
.....
....c
Case #140:
Impossible
Case #141:
**...
*....
*....
*...c
Case #142:
Impossible
Case #143:
**...
.....
.....
.....
....c
Case #144:
*..
...
...
...
..c
Case #145:
...
...
..c
Case #146:
Impossible
Case #147:
Impossible
Case #148:
***
***
*..
...
..c
Case #149:
Impossible
Case #150:
.c
Case #151:
Impossible
Case #152:
Impossible
Case #153:
Impossible
Case #154:
Impossible
Case #155:
Impossible
Case #156:
.....
.....
.....
.....
....c
Case #157:
Impossible
Case #158:
Impossible
Case #159:
**...
.....
.....
....c
Case #160:
*****
**...
.....
.....
....c
Case #161:
*
*
*
*
c
Case #162:
Impossible
Case #163:
*****
*****
****c
Case #164:
Impossible
Case #165:
*....
.....
.....
....c
Case #166:
*..
...
...
..c
Case #167:
*...c
Case #168:
Impossible
Case #169:
Impossible
Case #170:
Impossible
Case #171:
****
****
**..
....
...c
Case #172:
*
*
c
Case #173:
**
**
**
**
*c
Case #174:
Impossible
Case #175:
****
*...
....
....
...c
Case #176:
Impossible
Case #177:
Impossible
Case #178:
Impossible
Case #179:
**..
....
...c
Case #180:
*****
*****
*****
****c
Case #181:
Impossible
Case #182:
Impossible
Case #183:
****
**..
....
....
...c
Case #184:
Impossible
Case #185:
***
*..
...
...
..c
Case #186:
Impossible
Case #187:
Impossible
Case #188:
....
....
...c
Case #189:
Impossible
Case #190:
Impossible
Case #191:
Impossible
Case #192:
*
*
*
.
c
Case #193:
Impossible
Case #194:
****
**..
....
...c
Case #195:
**.c
Case #196:
***.c
Case #197:
Impossible
Case #198:
Impossible
Case #199:
....
....
....
....
...c
Case #200:
Impossible
Case #201:
Impossible
Case #202:
***..
.....
.....
....c
Case #203:
...
...
...
..c
Case #204:
*...
....
...c
Case #205:
Impossible
Case #206:
Impossible
Case #207:
Impossible
Case #208:
*
.
c
Case #209:
*...
*...
....
....
...c
Case #210:
Impossible
Case #211:
Impossible
Case #212:
Impossible
Case #213:
Impossible
Case #214:
Impossible
Case #215:
Impossible
Case #216:
****
****
*...
....
...c
Case #217:
**
**
**
*c
Case #218:
***
***
**c
Case #219:
Impossible
Case #220:
****c
Case #221:
Impossible
Case #222:
***..
*....
*....
*...c
Case #223:
Impossible
Case #224:
Impossible
Case #225:
Impossible
