Case #1:
a a a a a a a a a a b b b b c c c c c c c c c c d d d e e e f f f f f f f f f f g g g g g h h h h h h h h h h h h h h i i i i i i i j j j k k k k
a a a a a a a a a a b b b b c c c c c c c c c d d d d e e e f f f f f f f f f g g g g g h h h h h h h h h h h h h h h h i i i i i i j j j j k k k
Case #2:
a a a a a
a a a a a
a a a a a
a a a a a
a a a a a
a a a a a
a a a a a
a a a a a
a a a a a
a a a a a
a a a a a
a a a a a
a a a a a
a a a b b
a a b b b
b b b b b
b b b b b
b b b b b
b b b b b
b b b b b
b b b b b
b b b b b
b b b b b
b b b b b
b b b b b
b b b b b
b b b b b
b b b b b
Case #3:
a a a a a b b b b b b b c c d d d e e
a a a a a b b b b b b b c c d d d e e
Case #4:
a a a
a a a
b b a
b b b
b b b
b b b
c d d
d d d
d d e
f e e
f f e
f f f
f f f
f f f
f f f
Case #5:
a a a
a a a
a a a
b a a
b b c
b b b
b b b
b b b
Case #6:
a b b b b c d d d d d e e e e f f f f f f f f g g g g g g g h i i i i i j j j j j j j k
a b b b b b d d d d d e e e e f f f f f f f f g g g g g g h h h i i i i j j j j j j k k
a a b b b b d d d d e e e e e f f f f f f f f g g g g g g h h h i i i i j j j j j k k k
Case #7:
a a a b b b c c c c d d d
Case #8:
a a a b b b b b b b b b c c c c c d d d d d d d d
Case #9:
a a a a b b b b c c c c c d e e f f g g h
a a a a a a b c c c c i i d d e f f f h h
a a a a a a a c c c i i i d e e f f h h h
a a a a a a j j c i i i i i e e e f f h h
a a a a k k k j j j i i i e e e e e e h h
Case #10:
a a a a a a
a a a a a a
a a a a a a
a a a a a a
a a a a a a
a a a a a a
a a a a a a
a a a a a a
b a a a a a
b b a a a a
b b a a a a
c c c c a a
c c c c c a
c c c c c c
c c c c c c
c c c c c c
c c c c c c
Case #11:
a a
a a
a a
a a
a a
b a
b b
b b
b b
b b
c c
c c
c c
c c
c c
c c
c c
c c
c c
Case #12:
a a b b b c c c
a b b b b c c c
d d b b b c c e
d d d b f c e e
d d d d f f g g
d d d d g g g g
d d d g g g g g
d d h h h g g g
d d h h h g g g
i i i h h g j j
i i i i i j j j
i i i i i i i j
i i i i i i i i
i i i i i i i i
i i i i i i i i
Case #13:
a a a b b c c c c c d d d
a a b b b c c c c c d d e
a b b b b b c d d d d d e
f f b b b d d d d d d e e
f f f f d d d d d g g e e
Case #14:
a b b b b b b c c d d e e e e f f f f
a a a b b b c c c g e e e e e h h f f
i i a b b j c c c g e e e e e h h h f
i i i j j j j g g g e e e e h h h h h
j j j j j j j g g g e e e k k k h h h
j j j j j j j g g g g e e k k k k h h
Case #15:
a b b
a a b
a a a
Case #16:
a a a a b
c d a e f
c c g f f
c c g f f
c g g g f
Case #17:
a a a a a a a a a a a a
a a a a a a a a a a a a
a a a a a a a a a a a a
a a a a a a a a a a a a
a a a a a a a a a a a a
a a a a a a a a a a a a
a a a a a a a a a a a a
a b b b b a a a a a c c
d d b b b b b c c c c c
d d b b b b c c c c c c
d e e e b b c c c c c c
d d e e e e c c c c c c
d d e e e e e c c c c c
d d e e e e e c c c c c
d d f e e g g c c c c c
h h f f f g g g c c c c
h h h i g g g g g c c c
h h h i g g g g g g c c
h h h h g g g g g g c c
h h h h g g g g g g g g
Case #18:
a a a b b b b b c c c c c c d d d e e f f f f f f f f f g
h a a b b b b b b c c c i i d d d d d f f j j j f f f g g
h h b b b b b b b b c c i k d d d d d f f j j l l f g g g
Case #19:
a a a a b
c d a e f
c c c f f
c c g f f
c g g g f
Case #20:
a a a a a a a a a
a a a a a a a a a
a a a a a a a a a
b a a a a a a a a
b b a a a a a a a
b b a a a a a a a
b b b a a a c c c
b b b a a a c c c
b b b b a a c c c
b d d d d d c c c
d d d d d d d c c
d d d d d d d c c
d d d d e e e c e
d d d d e e e e e
d d d d e e e e e
d d d d d d d f f
d d d d d d f f f
d d d d d f f f f
d d d d g g f f f
h d d d i i i i i
h h h i i i i i i
h h h i i i i i i
h h h h i i i i i
h h h j j i i i k
l j j j j i i k k
m m j j n n i k k
m m n n n n k k k
m m n n n n n k k
m m n n n n n o o
m m n n n n n o o
m m n p p p p p p
q m q q p p p p p
q q q p p p p p p
q q q p p p p p p
q q p p p p p p p
Case #21:
a a a a a a a a b b b b b b b b b b b b c c c d d d d d d d e e f f f f f f f f g g g g g g g g g h h h h h h i i i i i j j j j j k k
Case #22:
a
a
a
a
a
a
a
a
a
a
a
a
a
a
a
a
a
a
a
a
a
a
a
a
a
a
a
a
a
a
a
a
a
a
a
a
b
b
b
b
b
b
b
b
b
b
b
b
b
b
b
b
b
b
b
b
b
b
b
b
b
b
b
b
b
b
b
b
b
b
b
Case #23:
a a a a a a a
a a a a a a b
c c a a a a b
c c c a a b b
c c c b b b b
Case #24:
a b b b c c c d d d e e e e f f f f f g g g h h h h h i i i i
a b b b c c d d d d e e e e f f f f f g g g g h h h i i i i i
Case #25:
a a b c
a b b b
b b b b
b b b b
b b b b
b d b e
b d e e
b b b e
Case #26:
a a a
b a a
b c d
d d d
Case #27:
a a a b b b b b b b c
a a a b b b b b b c c
a a a b b b b b d c c
e a a b b b b d d d c
e e a a b b b d d d c
e e e e f f f g d d c
e e e e g g g g g d c
e e e e g g g g g g c
Case #28:
a a
a a
b b
b b
b b
b b
c c
c d
d d
d d
d d
d d
d d
d d
d d
d d
d d
d d
d d
d d
d d
e e
e e
f e
f f
f f
f f
f f
g g
g g
g g
g g
g g
h h
h h
h h
i i
i i
i i
i i
i i
i i
i i
i i
j j
j j
k k
k k
k k
k k
k k
k k
k k
k k
k k
k k
k k
k k
k k
Case #29:
a
a
Case #30:
a a a a a a a a a a a b b b b b b b b b b b b b b b b b b b b b b b b b b b b b b b b b b b b b b b b b b b b b b b b b b b b b b b b b b b b b b c c c c d d d d d d d d d d d d d d d d d d d d d d d
a a a a a a a a a a a b b b b b b b b b b b b b b b b b b b b b b b b b b b b b b b b b b b b b b b b b b b b b b b b b b b b b b b b b b b b b b c c c c d d d d d d d d d d d d d d d d d d d d d d d
a a a a a a a a a a a b b b b b b b b b b b b b b b b b b b b b b b b b b b b b b b b b b b b b b b b b b b b b b b b b b b b b b b b b b b b b b c c c d d d d d d d d d d d d d d d d d d d d d d d d
a a a a a a a a a a a a b b b b b b b b b b b b b b b b b b b b b b b b b b b b b b b b b b b b b b b b b b b b b b b b b b b b b b b b b b b b b c c c c d d d d d d d d d d d d d d d d d d d d d d d
a a a a a a a a a a a a a a b b b b b b b b b b b b b b b b b b b b b b b b b b b b b b b b b b b b b b b b b b b b b b b b b b b b b b b b b b b b c c c d d d d d d d d d d d d d d d d d d d d d d d
a a a a a a a a a a a a a a a b b b b b b b b b b b b b b b b b b b b b b b b b b b b b b b b b b b b b b b b b b b b b b b b b b b b b b b b b b b c c c d d d d d d d d d d d d d d d d d d d d d d d
a a a a a a a a a a a a a a a a a a a a b b b b b b b b b b b b b b b b b b b b b b b b b b b b b b b b b b b b b b b b b b b b b b b b b b b b b b b c c d d d d d d d d d d d d d d d d d d d d d d d
a a a a a a a a a a a a a a a a a a a a b b b b b b b b b b b b b b b b b b b b b b b b b b b b b b b b b b b b b b b b b b b b b b c b b c c c c c c c c d d d d d d d d d d d d d d d d d d d d d d d
a a a a a a a a a a a a a a a a a a a a b b b b b b b b b b b b b b b b b b b b b b b b b b b b b b b b b b b b b b b b b b b b c c c c c c c c c c c c c d d d d d d d d d d d d d d d d d d d d d d d
a a a a a a a a a a a a a a a a a a a a a a a b b b b b b b b b b b b b b b b b b b b b b b b b b b b b b b b b b b b b b b c c c c c c c c c c c c c c d d d d d d d d d d d d d d d d d d d d d d d d
a a a a a a a a a a a a a a a a a a a a a a a a b b b b b b b b b b b b b b b b b b b b b b b b b b b b b b b b b b b b b b c c c c c c c c c c c c c c d d d d d d d d d d d d d d d d d d d d d d d d
a a a a a a a a a a a a a a a a a a a a a a a a a b b b b b b b b b b b b b b b b b b b b b b b b b b b b b b b b b b b b c c c c c c c c c c c c c c c d d d d d d d d d d d d d d d d d d d d d d d d
a a a a a a a a a a a a a a a a a a a a a a a a a a b b b b b b b b b b b b b b b b b b b b b b b b b b b b b b b b b b c c c c c c c c c c c c c c c c d d d d d d d d d d d d d d d d d d d d d d d d
a a a a a a a a a a a a a a a a a a a a a a a a a a a b b b b b b b b b b b b b b b b b b b b b b b b b b b b b b b b c c c c c c c c c c c c c c c c d d d d d d d d d d d d d d d d d d d d d d d d d
a a a a a a a a a a a a a a a a a a a a a a a a a a a b b b b b b b b b b b b b b b b b b b b b b b b b b b b b b b b c c c c c c c c c c c c c c c c d d d d d d d d d d d d d d d d d d d d d d d d d
a a a a a a a a a a a a a a a a a a a a a a a a a a a a b b b b b b b b b b b b b b b b b b b b b b b b b b b b b b c c c c c c c c c c c c c c c c d d d d d d d d d d d d d d d d d d d d d d d d d d
a a a a a a a a a a a a a a a a a a a a a a a a a a a a a b b b b b b b b b b b b b b b b b b b b b b b b b b b b c c c c c c c c c c c c c c c c c d d d d d d d d d d d d d d d d d d d d d d d d d d
a a a a a a a a a a a a a a a a a a a a a a a a a a a a a a b b b b b b b b b b b b b b b b b b b b b b b b b b b c c c c c c c c c c c c c c c c c d d d d d d d d d d d d d d d d d d d d d d d d d d
a a a a a a a a a a a a a a a a a a a a a a a a a a a a a a b b b b b b b b b b b b b b b b b b b b b b b b b b b c c c c c c c c c c c c c c c c c c d d d d d d d d d d d d d d d d d d d d d d d d d
a a a a a a a a a a a a a a a a a a a a a a a a a a a a a a b b b b b b b b b b b b b b b e e b b b b b b b b b c c e e e c c c c c c c c c c c c c c d d d d d d d d d d d d d d d d d d d d d d d d d
a a a a a a a a a a a a a a a a a a a a a a a a a a a a a a a b b b b b b b b b b b b b e e e e b b b b b b b b c e e e e e c c c c c c c c c c c e e d d d d d d d d d d d d d d d d d d d d d d d d d
a a a a a a a a a a a a a a a a a a a a a a a a a a a a a a a a a b b b b b b b b b f e e e e e e e e e e e e e e e e e e e e c c c e e e e c c e e e d d d d d d d d d d d d d d d d d d d d d d d d d
a a a a a a a a a a a a a a a a a a a a a a a a a a a a a a a a a a b b f b b b b f f e e e e e e e e e e e e e e e e e e e e e e e e e e e e e e e e d d d d d d d d d d d d d d d d d d d d d d d d d
a a a a a a a a a a a a a a a a a a a a a a a a a a a a a a a a a a a f f f f f f f f e e e e e e e e e e e e e e e e e e e e e e e e e e e e e e e d d d d d d d d d d d d d d d d d d d d d d d d d d
a a a a a a a a a a a a a a a a a a a a a a a a a a a a a a a a a a a a f f f f f f f e e e e e e e e e e e e e e e e e e e e e e e e e e e e e e e d d d d d d d d d d d d d d d d d d d d d d d d d d
a a a a a a a a a a a a a a a a a a a a a a a a a a a a a a a a a a a f f f f f f f f f e e e e e e e e e e e e e e e e e e e e e e e e e e e e e e d d d d d d d d d d d d d d d d d d d d d d d d d d
a a a a a a a a a a a a a a a a a a a a a a a a a a a a a a a a a a f f f f f f f f f f f e e e e e e e e e e e e e e e e e e e e e e e e e e e e e d d d d d d d d d d d d d d d d d d d d d d d d d d
a a a a a a a a a a a a a a a a a a a a a a a a a a a a a a a a a a f f f f f f f f f f f e e e e e e e e e e e e e e e e e e e e e e e e e e e e d d d d d d d d d d d d d d d d d d d d d d d d d d d
a a a a a a a a a a a a a a a a a a a a a a a a a a a a a a a a a f f f f f f f f f f f f f f f e e e e e e e e e e e e e e e e e e e e e e e e e d d d d d d d d d d d d d d d d d d d d d d d d d d d
a a a a a a a a a a a a a a a a a a a a a a a a a a a a a a a a a a a f f f f f f f f f f f f f f f f e e e e e e e e e e e e e e e e e e e e e e d d d d d d d d d d d d d d d d d d d d d d d d d d d
a a a a a a a a a a a a a a a a a a a a a a a a a a a a a a a a a a a a a a f f f f f f f f f f f f f f e e e e e e e e e e e e e e e e e e e e e d d d d d d d d d d d d d d d d d d d d d d d d d d d
a a a a a a a a a a a a a a a a a a a a a a a a a a a a a a a a a a a a a a a f f f f f f f f f f f f f f f f f f e e e e e e e e e e e e e e e e e d d d d d d d d d d d d d d d d d d d d d d d d d d
a a a a a a a a a a a a a a a a a a a a a a a a a a a a a a a a a a a a a a a a f f f f f f f f f f f f f f f f f f e e e e e e e e e e e e e e e e e d d d d d d d d d d d d d d d d d d d d d d d d d
a a a a a a a a a a a a a a a a a a a a a a a a a a a a a a a a a a a a a a a a f f f f f f f f f f f f f f f f f f f e e e e e e e e e e e e e e e e d d d d d d d d d d d d d d d d d d d d d d d d d
a a a a a a a a a a a a a a a a a a a a a a a a a a a a a a a a a a a a a a a a f f f f f f f f f f f f f f f f f f f f e e e f e f f e e e e e e e e e d d d d d d d d d d d d d d d d d d d d d d d d
a a a a a a a a a a a a a a a a a a a a a a a a a a a a a a a a a a a a a a a a f f f f f f f f f f f f f f f f f f f f f e f f f f f f f f e e e e e e e e d d d d d d d d d d d d d d d d d d d d d d
a a a a a a a a a a a a a a a a a a a a a a a a a a a a a a a a a a a a a a a f f f f f f f f f f f f f f f f f f f f f f f f f f f f f f f f f f f f e e e d d d d d d d d d d d d d d d d d d d d d d
a a a a a a a a a a a a a a a a a a a a a a a a a a a a a a a a a a a a a a f f f f f f f f f f f f f f f f f f f f f f f f f f f f f f f f f f f f f f e e d d d d d d d d d d d d d d d d d d d d d d
a a a a a a a a a a a a a a a a a a a a a a a a a a a a a a a a a a a a a a a a f f f f f f f f f f f f f f f f f f f f f f f f f f f f f f f f f f f f f f d d d d d d d d d d d d d d d d d d d d d d
a a a a a a a a a a a a a a a a a a a a a a a a a a a a a a a a a a a a a a a a a g f f f f f f f f f f f f f f f f f f f f f f f f f f f f f f f f f f f f f d d d d d d d d d d d d d d d d d d d d d
a a a a a a a a a a a a a a a a a a a a a a a a a a a a a a a a a a a a a a a a g g f f f f f f f f f f f f f f f f f f f f f f f f f f f f f f f f f f f f f f d d d d d d d d d d d d d d d d d d d d
a a a a a a a a a a a a a a a a a a a a a a a a a a a a a a a a a a a a a a a a g g g f f f f f f f f f f f f f f f f f f f f f f f f f f f f f f f f f f f f f d d d d d d d d d d d d d d d d d d d d
a a a a a a a a a a a a a a a a a a a a a a a a a a a a a a a a a a a a a a a a g g g g g g g g f f f f f f f f f f f f f f f f f f f f f f f f f f f f f f f f f d d d d d d d d d d d d d d d d d d d
a a a a a a a a a a a a a a a a a a a a a a a a a a a a a a a a a a a a a a a g g g g g g g g g g f f f f f f f f f f f f f f f f f f f f f f f f f f f f f f f f d d d d d d d d d d d d d d d d d d d
a a a a a a a a a a a a a a a a a a a a a a a a a a a a a a a a a a a a a a g g g g g g g g g g g g g g f f f f f f f f f f f f f f f f f f f f f f f f f f f f f f d d d d d d d d d d d d d d d d d d
a a a a a a a a a a a a a a a a a a a a a a a a a a a a a a a a a a a a a a g g g g g g g g g g g g g g g g g f f f f f f f f f f f f f f f f f f f f f f f f f f f f d d d d d d d d d d d d d d d d d
a a a a a a a a a a a a a a a a a a a a a a a a a a a a a a a a a a a a a a g g g g g g g g g g g g g g g g g g f f f f f f f f f f f f f f f f f f f f f f f f f f f d d d d d d d d d d d d d d d d d
a a a a a a a a a a a a a a a a a a a a a a a a a a a a a a a a a a a a a g g g g g g g g g g g g g g g g g g g g g f f f f f f f f f f f f f f f f f f f f f f f f f d d d d d d d d d d d d d d d d d
a a a a a a a a a a a a a a a a a a a a a a a a a a a a a a a a a a a a a g g g g g g g g g g g g g g g g g g g g g g g f g g g f f f f f f f f f f f f f f f f f f f d d d d d d d d d d d d d d d d h
a a a a a a a a a a a a a a a a a a a a a a a a a a a a a a a a a a a g a a g g g g g g g g g g g g g g g g g g g g g g g g g g g g f f f f f f f f f f f f f f f f f f f f d d d d d d d d d d h h h h
a a a a a a a a a a a a a a a a a a a a a a a a a a a a a a a a a a g g g g g g g g g g g g g g g g g g g g g g g g g g g g g g g g g f f f f f f f f f f f h f f f f f f f d d d d d d d d d d h h h h
a a a a a a a a a a a a a a a a a i a a a a a a a a a a a a a a a a g g g g g g g g g g g g g g g g g g g g g g g g g g g g g g g g f f f f f f f f f f h h h h h h h f h h d d d d d d d d d d h h h h
a a a a a a a a a a a a a i i i i i i i a i i a a a a a a a a a a g g g g g g g g g g g g g g g g g g g g g g g g g g g g g g g g g g f f f f f f f f h h h h h h h h h h h h h h h d d d h h h h h h h
i i i a a i i i i i i i i i i i i i i i i i i i i a i i a i a a g g g g g g g g g g g g g g g g g g g g g g g g g g g g g g g g g g g g g g g g g f f h h h h h h h h h h h h h h h h h h h h h h h h h
i i i i i i i i i i i i i i i i i i i i i i i i i i i i i i i i i g g g g g g g g g g g g g g g g g g g g g g g g g g g g g g g g g g g g g g g g g g h h h h h h h h h h h h h h h h h h h h h h h h h
i i i i i i i i i i i i i i i i i i i i i i i i i i i i i i i i i i g g g g g g g g g g g g g g g g g g g g g g g g g g g g g g g g g g g g g g g g h h h h h h h h h h h h h h h h h h h h h h h h h h
i i i i i i i i i i i i i i i i i i i i i i i i i i i i i i i i i i i g g g g g g g g g g g g g g g g g g g g g g g g g g g g g g g g g g g g g h h h h h h h h h h h h h h h h h h h h h h h h h h h h
i i i i i i i i i i i i i i i i i i i i i i i i i i i i i i i i i i i g g g g g g g g g g g g g g g g g g g g g g g g g g g g g g g g g g g g h h h h h h h h h h h h h h h h h h h h h h h h h h h h h
i i i i i i i i i i i i i i i i i i i i i i i i i i i i i i i i i i i i g g g g g g g g g g g g g g g g g g g g g g g g g g g g g g g g g g g h h h h h h h h h h h h h h h h h h h h h h h h h h h h h
i i i i i i i i i i i i i i i i i i i i i i i i i i i i i i i i i i i i g g g g g g g g g g g g g g g g g g g g g g g g g g g g g g g g g g h h h h h h h h h h h h h h h h h h h h h h h h h h h h h h
i i i i i i i i i i i i i i i i i i i i i i i i i i i i i i i i i i i i g g g g g g g g g g g g g g g g g g g g g g g g g g g g g g g g g h h h h h h h h h h h h h h h h h h h h h h h h h h h h h h h
i i i i i i i i i i i i i i i i i i i i i i i i i i i i i i i i i i i i g g g g g g g g g g g g g g g g g g g g g g g g g g g g g g g g h h h h h h h h h h h h h h h h h h h h h h h h h h h h h h h h
i i i i i i i i i i i i i i i i i i i i i i i i i i i i i i i i i i i i i g g g g g g g g g g g g g g g g g g g g g g g g g g g g g h h h h h h h h h h h h h h h h h h h h h h h h h h h h h h h h h h
i i i i i i i i i i i i i i i i i i i i i i i i i i i i i i i i i i i i i i g g g g g g g g g g g g g g g g g g g g g g g g g g h h h h h h h h h h h h h h h h h h h h h h h h h h h h h h h h h h h h
i i i i i i i i i i i i i i i i i i i i i i i i i i i i i i i i i i i i i i g g g g g g g g g g g g g g g g g g g g g g g g g h h h h h h h h h h h h h h h h h h h h h h h h h h h h h h h h h h h h h
i i i i i i i i i i i i i i i i i i i i i i i i i i i i i i i i i i i i i i i g g g g g g g g g g g g g g g g g g g j j j j h h h h h h h h h h h h h h h h h h h h h h h h h h h h h h h h h h h h h h
i i i i i i i i i i i i i i i i i i i i i i i i i i i i i i i i i i i i i i i g g g g g g g g g g g j g g g g j j j j j j j h h h h h h h h h h h h h h h h h h h h h h h h h h h h h h h h h h h h h h
i i i i i i i i i i i i i i i i i i i i i i i i i i i i i i i i i i i i i i i g g g g g g g g g g j j j j j j j j j j j j j h h h h h h h h h h h h h h h h h h h h h h h h h h h h h h h h h h h h h h
i i i i i i i i i i i i i i i i i i i i i i i i i i i i i i i i i i i i i i i i i g g g j j j j j j j j j j j j j j j j j h h h h h h h h h h h h h h h h h h h h h h h h h h h h h h h h h h h h h h h
i i i i i i i i i i i i i i i i i i i i i i i i i i i i i i i i i i i i i i i i i j j j j j j j j j j j j j j j j j j j j h h h h h h h h h h h h h h h h h h h h h h h h h h h h h h h h h h h h h h h
i i i i i i i i i i i i i i i i i i i i i i i i i i i i i i i i i i i i i i i i i j j j j j j j j j j j j j j j j j j j j h h h h h h h h h h h h h h h h h h h h h h h h h h h h h h h h h h h h h h h
i i i i i i i i i i i i i i i i i i i i i i i i i i i i i i i i i i i i i i i i j j j j j j j j j j j j j j j j j j j j j h h h h h h h h h h h h h h h h h h h h h h h h h h h h h h h h h h h h h h h
i i i i i i i i i i i i i i i i i i i i i i i i i i i i i i i i i i i i i i i i j j j j j j j j j j j j j j j j j j j j j h h h h h h h h h h h h h h h h h h h h h h h h h h h h h h h h h h h h h h h
i i i i i i i i i i i i i i i i i i i i i i i i i i i i i i i i i i i i i i i i j j j j j j j j j j j j j j j j j j j j j j h h h h h h h h h h h h h h h h h h h h h h h h h h h h h h h h h h h h h h
i i i i i i i i i i i i i i i i i i i i i i i i i i i i i i i i i i i i i i i i j j j j j j j j j j j j j j j j j j j j j j h h h h h h h h h h h h h h h h h h h h h h h h h h h h h h h h h h h h h h
i i i i i i i i i i i i i i i i i i i i i i i i i i i i i i i i i i i i i i i i j j j j j j j j j j j j j j j j j j j j j j h h h h h h h h h h h h h h h h h h h h h h h h h h h h h h h h h h h h h h
i i i i i i i i i i i i i i i i i i i i i i i i i i i i i i i i i i i i i i i j j j j j j j j j j j j j j j j j j j j j j j j h h h h h h h h h h h h h h h h h h h h h h h h h h h h h h h h h h h h h
i i i i i i i i i i i i i i i i i i i i i i i i i i i i i i i i i i i i i i j j j j j j j j j j j j j j j j j j j j j j j j j j h h h h h h h h h h h h h h h h h h h h h h h h h h h h h h h h h h h h
i i i i i i i i i i i i i i i i i i i i i i i i i i i i i i i i i i i i i k j j j j j j j j j j j j j j j j j j j j j j j j j j h h h h h h h h h h h h h h h h h h h h h h h h h h h h h h h h h h h h
i i i i i i i i i i i i i i i i i i i i i i i i i i i i i k k k k k k k k k k j j j j j j j j j j j j j j j j j j j j j j j j j h h h h h h h h h h h h h h h h h h h h h h h h h h h h h h h h h h h h
i i i i i i i i i i i i i i i i i i i i i i i i i i i i k k k k k k k k k k k k j j j j j j j j j j j j j j j j j j j j j j j j j h h h h h h h h h h h h h h h h h h h h h h h h h h h h h h h h h h h
i i i i i i i i i i i i i i i i i i i i i i i i i i i i k k k k k k k k k k k k k j j j j j j j j j j j j j j j j j j j j j j j h h h h h h h h h h h h h h h h h h h h h h h h h h h h h h h h h h h h
i i i i i i i i i i i i i i i i i i i i i i k k k k k k k k k k k k k k k k k k k j j j j j j j j j j j j j j j j j j j j j j j j h h h h h h h h h h h h h h h h h h h h h h h h h h h h h h h h h h h
i i i i i i i i i i i i i i i i i i i i i k k k k k k k k k k k k k k k k k k k k j j j j j j j j j j j j j j j j j j j j j j j j h h h h h h h h h h h h h h h h h h h h h h h h h h h h h h h h h h h
i i i i i i i i i i i i i i i i i i i i k k k k k k k k k k k k k k k k k k k k j j j j j j j j j j j j j j j j j j j j j j j j j h h h h h h h h h h h h h h h h h h h h h h h h h h h h h h h h h h h
i i i i i i i i i i i i i k i i i i i k k k k k k k k k k k k k k k k k k k k k j j j j j j j j j j j j j j j j j j j j j j j j j h h h h h h h h h h h h h h h h h h h h h h h h h h h h h h h h h h h
i i i i i i i i i k k k k k k k k k k k k k k k k k k k k k k k k k k k k k k k k k j j j j j j j j j j j j j j j j j j j j j j j h h h h h h h h h h h h h h h h h h h h h h h h h h h h h h h h h h h
i i i i i i i i i k k k k k k k k k k k k k k k k k k k k k k k k k k k k k k k k k k j j j j j j j j j j j j j j j j j j j j j j h h h h h h h h h h h h h h h h h h h h h h h h h h h h h h h h h h h
i i i i i i i i k k k k k k k k k k k k k k k k k k k k k k k k k k k k k k k k k k j j j j j j j j j j j j j j j j j j j j j j j h h h h h h h h h h h h h h h h h h h h h h h h h h h h h h h h h h h
i i i i k k i k k k k k k k k k k k k k k k k k k k k k k k k k k k k k k k k k k k k j j j j j j j j j j j j j j j j j j j j j j h h h h h h h h h h h h h h h h h h h h h h h h h h h h h h h h h h h
i i i i k k k k k k k k k k k k k k k k k k k k k k k k k k k k k k k k k k k k k k k k j j j j j j j j j j j j j j j j j j j j j j h h h h h h h h h h h h h h h h h h h h h h h h h h h h h h h h h h
k k k k k k k k k k k k k k k k k k k k k k k k k k k k k k k k k k k k k k k k k k k k k j j j j j j j j j j j j j j j j j j j j j j h h h h h h h h h h h h h h h h h h h h h h h h h h h h h h h h h
k k k k k k k k k k k k k k k k k k k k k k k k k k k k k k k k k k k k k k k k k k k k k j j j j j j j j j j j j j j j j j j j j j j j h h h h h h h h h h h h h h h h h h h h h h h h h h h h h h h h
k k k k k k k k k k k k k k k k k k k k k k k k k k k k k k k k k k k k k k k k k k k k k j j j j j j j j j j j j j j j j j j j j j j j j h h h h h h h h h h h h h h h h h h h h h h h h h h h h h h h
k k k k k k k k k k k k k k k k k k k k k k k k k k k k k k k k k k k k k k k k k k k k j j j j j j j j j j j j j j j j j j j j j j j j j h h h h h h h h h h h h h h h h h h h h h h h h h h h h h h h
k k k k k k k k k k k k k k k k k k k k k k k k k k k k k k k k k k k k k k k k k k k k j j j j j j j j j j j j j j j j j j j j j j j j j h h h h h h h h h h h h h h h h h h h h h h h h h h h h h h h
k k k k k k k k k k k k k k k k k k k k k k k k k k k k k k k k k k k k k k k k k k k k j j j j j j j j j j j j j j j j j j j j j j j j j h h h h h h h h h h h h h h h h h h h h h h h h h h h h h h h
k k k k k k k k k k k k k k k k k k k k k k k k k k k k k k k k k k k k k k k k k k k k j j j j j j j j j j j j j j j j j j j j j j j j j h h h h h h h h h h h h h h h h h h h h h h h h h h h h h h h
k k k k k k k k k k k k k k k k k k k k k k k k k k k k k k k k k k k k k k k k k k k k j j j j j j j j j j j j j j j j j j j j j j j j h h h h h h h h h h h h h h h h h h h h h h h h h h h h h h h h
k k k k k k k k k k k k k k k k k k k k k k k k k k k k k k k k k k k k k k k k k k k k k j j j j j j j j j j j j j j j j j j j j j j j j h h h h h h h h h h h h h h h h h h h h h h h h h h h h h h h
Case #31:
a
a
Case #32:
a a a a a b b b b b c c c c c d d d e e e e e e e f f f f f g g g g g g h h h h h h
Case #33:
a a a
b b b
Case #34:
a
a
a
a
a
b
b
c
d
d
d
d
d
d
e
e
Case #35:
a a a a a b b b b b b
a a a a a b b b b b b
a a a a a b b b b b b
a a a a a b b b b b c
a a a a b b b b b b c
a a a a a b b b b c c
a a a a c c c b c c c
a a a a c c c c c c c
a a a c c c c c c c c
a a a c d d d d d d c
e e e e e d d d d d d
e e e e e e d d d d d
e e e e e e d d d d d
e e e e e e d d d d f
g e e e e e e d d f f
g g e e e e e d d d f
g g g g e e e d d d h
g g g g g e e e d d h
g g g g g e e h h h h
g g g g g e h h h h h
g g g g i h h h h h h
j j j j i h h h h h h
j j j j j h h h h h h
k j j j j h h h h h l
k k k j j h h h h l l
k k k k k k m m l l l
k k k k k n n n l l l
k k k k k n n n l l l
k k k k k n n n n o l
k k k k n n n n n o o
k k k n n n n n n o o
k k k k n n n n n o o
Case #36:
a
a
a
b
b
b
b
b
b
b
c
c
c
c
c
c
c
d
d
d
d
d
d
d
d
d
d
e
e
e
e
e
e
e
e
e
e
e
e
e
f
f
f
f
f
f
g
g
g
g
g
g
g
Case #37:
a a a a b b b b
a a a a b b b b
a a a b b b b b
a a a b b b b b
c c d d b b b b
d d d d d d d d
d d d d d d d d
d d d d d d d d
d d d d d d d d
d d d d d d d d
Case #38:
a b b b b c c c d d d d d d d d e e e e e e f f f f
a b b b b c c c d d d d d d d d d e e e e f f f f f
Case #39:
a a b b b b b b b b b
a a b b b b b b b b b
a a a a b b b b b b b
a a a a a b b b b b b
a a a a a a a b b b b
a a a a a a a b b b b
a a a a a a a b b b b
a a a a a a a b b b b
a a a a a a a b b b b
a a a a a a a a a a b
a a a a a a a a a a a
c a a a a a a a a a a
c c a a a a a a a a a
c c d d d d d a a a a
c d d d d d d a a a a
c d d d d d d a a a a
c c d d d d d d a a a
c c d d d d d d a a a
c c d d d d d d a a a
c c d d d d d d d a a
c c d d d d d d d a a
Case #40:
a a b b
c a b b
c b b b
c c b b
c c c b
c c d d
c d d d
d d d d
d d d e
Case #41:
a
a
a
b
b
c
c
c
d
d
d
e
e
e
e
e
f
f
f
g
g
g
g
Case #42:
a a a a a a a a a a a a a a b b b b b b b b b b b b b b b b b b b b c c d d d d d d d d d d d d d d d d d d d d d d d d d d d d d d d d d d d e e e e e e e e e e e e e e e e e f f f f f f f f f f f f
a a a a a a a a a a a a a b b b b b b b b b b b b b b b b b b b b b c c c d d d d d d d d d d d d d d d d d d d d d d d d d d d d d d d d d d e e e e e e e e e e e e e e e e e f f f f f f f f f f f f
a a a a a a a a a a a a a b b b b b b b b b b b b b b b b b b b b b c c c d d d d d d d d d d d d d d d d d d d d d d d d d d d d d d d d d d d e e e e e e e e e e e e e e e e f f f f f f f f f f f f
a a a a a a a a a a a a a b b b b b b b b b b b b b b b b b b b b b c c c c d d d d d d d d d d d d d d d d d d d d d d d d d d d d d d d d d e e e e e e e e e e e e e e e e e f f f f f f f f f f f f
a a a a a a a a a a a a b b b b b b b b b b b b b b b b b b b b b b c c c c c c d d d d d d d d d d d d d d d d d d d d d d d d d d d d d d e e e e e e e e e e e e e e e e e f f f f f f f f f f f f f
a a a a a a a a a a a b b b b b b b b b b b b b b b b b b b b b b b c c c c c c d d d d d d d d d d d d d d d d d d d d d d d d d d d d d d e e e e e e e e e e e e e e e e f f f f f f f f f f f f f f
a a a a a a a a a a a b b b b b b b b b b b b b b b b b b b b b b b c c c c c c c d d d d d d d d d d d d d d d d d d d d d d d d d d d d e e e e e e e e e e e e e e e e e f f f f f f f f f f f f f f
a a a a a a a a a a a b b b b b b b b b b b b b b b b b b b b b c c c c c c c c c c d d d d d d d d d d d d d d d d d d d d d d d d d d e e e e e e e e e e e e e e e e f f f f f f f f f f f f f f f f
a a a a a a a a a a b b b b b b b b b b b b b b b b b b b b b c c c c c c c c c c d d d d d d d d d d d d d d d d d d d d d d d d d d d e e e e e e e e e e e e e e e f f f f f f f f f f f f f f f f f
a a a a a a a a a a a b b b b b b b b b b b b b b b b b b b c c c c c c c c c c c d d d d d d d d d d d d d d d d d d d d d d d d d d d e e e e e e e e e e e e e e e e f f f f f f f f f f f f f f f f
a a a a a a a a a a a b b b b b b b b b b b b b b b b b b b c c c c c c c c c c c d d d d d d d d d d d d d d d d d d d d d d d d d d e e e e e e e e e e e e e e e e e f f f f f f f f f f f f f f f f
a a a a a a a a a a a b b b b b b b b b b b b b b b b b b c c c c c c c c c c c c d d d d d d d d d d d d d d d d d d d d d d d d d d e e e e e e e e e e e e e e e e f f f f f f f f f f f f f f f f f
a a a a a a a a a a b b b b b b b b b b b b b b b b b b b c c c c c c c c c c c c c d d d d d d d d d d d d d d d d d d d d d d d d e e e e e e e e e e e e e e e e e e f f f f f f f f f f f f f f f f
a a a a a a a a a a b b b b b b b b b b b b b b b b b b c c c c c c c c c c c c c c d d d d d d d d d d d d d d d d d d d d e e e e e e e e e e e e e e e e e e e e e e f f f f f f f f f f f f f f f f
a a a a a a a a a a b b b b b b b b b b b b b b b b b c c c c c c c c c c c c c c c d d d d d d d d d d d d d d d d d d d d e e e e e e e e e e e e e e e e e e e e e f f f f f f f f f f f f f f f f f
a a a a a a a a b b b b b b b b b b b b b b b b b b b c c c c c c c c c c c c c c c c c d d d d d d d d d d d d d d d d d e e e e e e e e e e e e e e e e e e e e e e e f f f f f f f f f f f f f f f f
a a a a a a a a b b b b b b b b b b b b b b b b b b c c c c c c c c c c c c c c c c c c c d d d d d d d d d d d d d d d e e e e e e e e e e e e e e e e e e e e e e e f f f f f f f f f f f f f f f f f
a a a a a a a a b b b b b b b b b b b b b b b b b b c c c c c c c c c c c c c c c c c c c c d d d d d d d d d d d d d e e e e e e e e e e e e e e e e e e e e e e e e f f f f f f f f f f f f f f f f f
a a a a a a a a b b b b b b b b b b b b b b b b b b c c c c c c c c c c c c c c c c c c c c d d d d d d d d d d d d e e e e e e e e e e e e e e e e e e e e e e e e e f f f f f f f f f f f f f f f f f
a a a a a a a g g g g g b b b b b g g b b b b b b b c c c c c c c c c c c c c c c c c c c c d d d d d d d d d d d d e e e e e e e e e e e e e e e e e e e e e e e e e e f f f f f f f f f f f f f f f f
a a a a a g g g g g g g g g g g g g g g b b b b b b b c c c c c c c c c c c c c c c c c c c c d d d d d d d d d d e e e e e e e e e e e e e e e e e e e e e e e e e e e f f f f f f f f f f f f f f f f
g a a a g g g g g g g g g g g g g g g g g b g b b b b c c c c c c c c c c c c c c c c c c c c c d d d d d d d e d e e e e e e e e e e e e e e e e e e e e e e e e e e f f f f f f f f f f f f f f f f f
g g g g g g g g g g g g g g g g g g g g g g g g g g c c c c c c c c c c c c c c c c c c c c c c c c c c c d e e e e e e e e e e e e e e e e e e e e e e e e e e e e e e f f f f f f f f f f f f f f f f
g g g g g g g g g g g g g g g g g g g g g g g g g g c c c c c c c c c c c c c c c c c c c c c c c c c c c c e e e e e e e e e e e e e e e e e e e e e e e e e e e e e e f f f f f f f f f f f f f f f f
g g g g g g g g g g g g g g g g g g g g g g g g g g g c c c c c c c c c c c c c c c c c c c c c c c c c c e e e e e e e e e e e e e e e e e e e e e e e e e e e e e e e f f f f f f f f f f f f f f f f
g g g g g g g g g g g g g g g g g g g g g g g g g g g g c c c c c c c c c c c c c c c c c c c c c c c c e e e e e e e e e e e e e e e e e e e e e e e e e e e e e e e f f f f f f f f f f f f f f f f f
g g g g g g g g g g g g g g g g g g g g g g g g g g g g g c c c c c c c c c c c c c c c c c c c c c c c e e e e e e e e e e e e e e e e e e e e e e e e e e e e e e f f f f f f f f f f f f f f f f f f
g g g g g g g g g g g g g g g g g g g g g g g g g g g g h h h h h h c c c c c c c c c c c c c c c c c c i i i i i e e e e e e e e e e e e e e e e e e e e e e e e e f f f f f f f f f f f f f f f f f f
g g g g g g g g g g g g g g g g g g g g g g g g g g g h h h h h h h h c c c c c c c c c c c c c c c c i i i i i i i i i e e e e e e e e e e e e e e e e e e e e e e f f f f f f f f f f f f f f f f f f
g g g g g g g g g g g g g g g g g g g g g g g g g g h h h h h h h h h h c c h h c c c c c c c c c c i i i i i i i i i i i e e e e e e e e e e e e e e e e e e e e e f f f f f f f f f f f f f f f f f f
g g g g g g g g g g g g g g g g g g g g g g g g g g h h h h h h h h h h h h h h h c c c c c c i i i i i i i i i i i i i i i i e e e e e e e e e e e e e e e e e e e f f f f f f f f f f f f f f f f f f
g g g g g g g g g g g g g g g g g g g g g g g g g g g h h h h h h h h h h h h h h h c c c c i i i i i i i i i i i i i i i i i i e e e e e e e e e e e e e e e e e e f f f f f f f f f f f f f f f f f f
g g g g g g g g g g g g g g g g g g g g g g g g g g g h h h h h h h h h h h h h h h h c c i i i i i i i i i i i i i i i i i i i e e e e e e e e e e e e e e e e e e f f f f f f f f f f f f f f f f f f
g g g g g g g g g g g g g g g g g g g g g g g g g g g g h h h h h h h h h h h h h h h h c i i i i i i i i i i i i i i i i i i i e e e e e e e e e e e e e e e e e j j f f f f f f f f f f f f f f f f f
g g g g g g g g g g g g g g g g g g g g g g g g g g g h h h h h h h h h h h h h h h h h i i i i i i i i i i i i i i i i i i i k k e e e e e e e e e k k e j j j j j j j j j j j j f f f f f f f f f f f
g g g g g g g g g g g g g g g g g g g g g g g g g g h h h h h h h h h h h h h h h h h h i i i i i i i i i i i i i i i i i i i k k k k k k k k k k k k k k j j j j j j j j j j j j j f f f f f f f f f f
g g g g g g g g g g g g g g g g g g g g g g g g g h h h h h h h h h h h h h h h h h h h i i i i i i i i i i i i i i i i i i i k k k k k k k k k k k k k k j j j j j j j j j j j j j j f f f l l l l l l
g g g g g g g g g g g g g g g g g g g g g g g g h h h h h h h h h h h h h h h h h h h h i i i i i i i i i i i i i i i i i i i i k k k k k k k k k k k k k j j j j j j j j j j j j j j j j l l l l l l l
g g g g g g g g g g g g g g g g g g g g g g g g h h h h h h h h h h h h h h h h h h h h i i i i i i i i i i i i i i i i i i i i i i k k k k k k k k k k k j j j j j j j j j j j j j j j j l l l l l l l
g g g g g g g g g g g g g g g g g g g g g g g g h h h h h h h h h h h h h h h h h h h h i i i i i i i i i i i i i i i i i i i i i i i k k k k k k k k k k k j j j j j j j j j j j j j l l l l l l l l l
g g g g g g g g g g g g g g g g g g g g g g g h h h h h h h h h h h h h h h h h h h h i i i i i i i i i i i i i i i i i i i i i i i i k k k k k k k k k k j j j j j j j j j j j j j l l l l l l l l l l
g g g g g g g g g g g g g g g g g g g g g g h h h h h h h h h h h h h h h h h h h h h h i i i i i i i i i i i i i i i i i i i i i i i k k k k k k k k k k j j j j j j j j j j j j j l l l l l l l l l l
g g g g g g g g g g g g g g g g g g g g g h h h h h h h h h h h h h h h h h h h h h h h i i i i i i i i i i i i i i i i i i i i i i i k k k k k k k k k k j j j j j j j j j j j j j l l l l l l l l l l
g g g g g g g g g g g g g g g g g g g g h h h h h h h h h h h h h h h h h h h h h h h h i i i i i i i i i i i i i i i i i i i i i i k k k k k k k k k k k j j j j j j j j j j j j j l l l l l l l l l l
g g g g g g g g g g g g g g g g g g g g h h h h h h h h h h h h h h h h h h h h h h h h i i i i i i i i i i i i i i i i i i i i i i i k k k k k k k k k k j j j j j j j j j j j j j l l l l l l l l l l
g g g g g g g g g g g g g g g g h h h h h h h h h h h h h h h h h h h h h h h h h h h h i i i i i i i i i i i i i i i i i i i i i i k k k k k k k k k k k j j j j j j j j j j j j j l l l l l l l l l l
g g g g g g g g g g g g g g g h h h h h h h h h h h h h h h h h h h h h h h h h h h h h h i i i i i i i i i i i i i i i i i i i i k k k k k k k k k k k k k j j j j j j j j j j j j l l l l l l l l l l
g g g g g g g g g g g g g g g h h h h h h h h h h h h h h h h h h h h h h h h h h h h h h i i i i i i i i i i i i i i i i i i i k k k k k k k k k k k k k j j j j j j j j j j j j m l l l l l l l l l l
g g g g g g g g g g g g g g g h h h h h h h h h h h h h h h h h h h h h h h h h h h h h h i i i i i i i i i i i i i n n i i i i n n k k k k k k k k k k k j j j j j j j j j j j m m l l l l l l l l l l
g g g g g g g g g g g g g h h h h h h h h h h h h h h h h h h h h h h h h h h h h h h h h i i i i i i i i i i i n n n n n n n n n n n k k k k k k k k k j j j j j j j j j j j m m m m l l l l l l l l l
g g g g g g g g g g g g h h h o o h h h h h h h h h h h h h h h h o h h h h h h h h h h h i i i i i i i i i i n n n n n n n n n n n n n n n n k k k k k j j j j j j j j j m m m m m m m l l l l l l l l
p p p p g g g g g g g g o o o o o o o o o o o o o o o o o h h h o o o h h h h h o o h h h i i i i i i n n n n n n n n n n n n n n n n n n n n n k k k j j j j j m j j m m m m m m m m m m l l l l l l l
p p p p p g g g g g g o o o o o o o o o o o o o o o o o o o o o o o o o o h h o o o o h h n i i i i n n n n n n n n n n n n n n n n n n n n n n n n n n j j m m m m m m m m m m m m m m m m m m l l l l
p p p p p p p g g g o o o o o o o o o o o o o o o o o o o o o o o o o o o h h o o o o o n n n n n n n n n n n n n n n n n n n n n n n n n n n n n n n n j j m m m m m m m m m m m m m m m m m m m l l l
p p p p p p p o o o o o o o o o o o o o o o o o o o o o o o o o o o o o o h o o o o o o o n n n n n q n n n n n n n n n n n n n n n n n n n n n n n n n n r r m m m m m m m m m m m m m m m m m m m m l
p p p p p p p p o o o o o o o o o o o o o o o o o o o o o o o o o o o o o o o o o o o o o o q q q q q n n n n n n n n n n n n n n n n n n n n n n n n n n r r m m m m m m m m m m m m m m m m m m m m m
p p p p p p p p p o o o o o o o o o o o o o o o o o o o o o o o o o o o o o o o o o o o o o q q q q q n n n n n n n n n n n n n n n n n n n n n n n n n r r r r m m m m m m m m m m m m m m m m m m m m
p p p p p p p p p p p o o o o o o o o o o o o o o o o o o o o o o o o o o o o o o o o o o q q q q q q q q q q q n n n n n n n n n n n n n n n n n n n r r r r r r m m m m m m m m m m m m m m m m m m m
p p p p p p p p p p p o o o o o o o o o o o o o o o o o o o o o o o o o o o o o o o o o o q q q q q q q q q q q q q q n n n n n n n n n n n n n n r r r r r r r r r m m m m m m m m m m m m m m m m m m
p p p p p p p p p p p o o o o o o o o o o o o o o o o o o o o o o o o o o o o o o o o o o q q q q q q q q q q q q q q q q n n n n n n n n n n n r r r r r r r r r r r m m m m m m m m m m m m m m m m s
p p p p p p p p p p p p o o o o o o o o o o o o o o o o o o o o o o o o o o o o o o o o o q q q q q q q q q q q q q q q q q n n n n n n n n n r r r r r r r r r r r r r m m m m m m m m m m m m m m s s
p p p p p p p p p p p p o o o o o o o o o o o o o o o o o o o o o o o o o o o o o o o o o q q q q q q q q q q q q q q q q q q n n n n n n r r r r r r r r r r r r r r r r m m m m m m m m m m m m s s s
p p p p p p p p p p p p p o o o o o o o o o o o o o o o o o o o o o o o o o o o o o o o o q q q q q q q q q q q q q q q q q q n n n n n r r r r r r r r r r r r r r r r r r m m m m m s s m s s s s s s
p p p p p p p p p p p p p p o o o o o o o o o o o o o o o o o o o o o o o o o o o o o o q q q q q q q q q q q q q q q q q q q q n n n r r r r r r r r r r r r r r r r r r r m m s s s s s s s s s s s s
p p p p p p p p p p p p p p o o o o o o o o o o o o o o o o o o o o o o o o o o o o o o q q q q q q q q q q q q q q q q q q q q q q r r r r r r r r r r r r r r r r r r r r s s s s s s s s s s s s s s
p p p p p p p p p p p p p p p o o o o o o o o o o o o o o o o o o o o o o o o o o o o q q q q q q q q q q q q q q q q q q q q q q q r r r r r r r r r r r r r r r r r r r r r s s s s s s s s s s s s s
p p p p p p p p p p p p p p p p o o o o o o o o o o o o o o o o o o o o o o o o o q q q q q q q q q q q q q q q q q q q q q q q q r r r r r r r r r r r r r r r r r r r r r r s s s s s s s s s s s s s
p p p p p p p p p p p p p p p p p p p o o o o o o o o o o o o o o o o o o o o o q q q q q q q q q q q q q q q q q q q q q q q q q r r r r r r r r r r r r r r r r r r r r r r s s s s s s s s s s s s s
p p p p p p p p p p p p p p p p p p p p o o o o o o o o o o o o o o o o o o o o q q q q q q q q q q q q q q q q q q q q q q q q q r r r r r r r r r r r r r r r r r r r r r s s s s s s s s s s s s s s
p p p p p p p p p p p p p p p p p p p p o o o o o o o o o o o o o o o o o o o o q q q q q q q q q q q q q q q q q q q q q q q q q q r r r r r r r r r r r r r r r r r r r r s s s s s s s s s s s s s s
p p p p p p p p p p p p p p p p p p p p p o o o o o o o o o o o o o o o o o q q q q q q q q q q q q t t q q q q q q q q q q q q q q r r r r r r r r r r r r r r r r r r r r s s s s s s s s s s s s s s
p p p p p p p p p p p p p p p p p p p p p p o o o o o o o o o o o o o o o o q q q q q q q q q q q q t t t t q q q q q q q q q q q q u u u u u u r r r r r u r r r v v v v s s s s s s s s s s s s s s s
p p p p p p p p p p p p p p p p p p p p p p o o o o o o o o o o o o o o o o q q q q q q q q q q q t t t t t t q q q q q q q q q q q u u u u u u u u u u u u u r v v v v v v v s s s s s s s w w w w w w
p p p p p p p p p p p p p p p p p p p p p p o o o o o o o o o o o o o o o o q t q q q q q q t t t t t t t t t q q q q q q q q q q u u u u u u u u u u u u u u v v v v v v v v v w w w w w w w w w w w w
p p p p p p p p p p p p p p p p p p p p p p p o o o o o o o o o o o o o o t t t t t t t t t t t t t t t t t t t q q q q q q q q u u u u u u u u u u u u u u u v v v v v v v v v v w w w w w w w w w w w
p p p p p p p p p p p p p p p p p p p p p p p o o o o o o o o o o o o o o t t t t t t t t t t t t t t t t t t t t t q q q q q u u u u u u u u u u u u u u u u v v v v v v v v v v w w w w w w w w w w w
p p p p p p p p p p p p p p p p p p p p p x o o o o o o o o o o o o o o o t t t t t t t t t t t t t t t t t t t t t t q q u u u u u u u u u u u u u u u u u u v v v v v v v v v v w w w w w w w w w w w
p p p p p p p p p p p p p p x p p p p p x x x x o o o o o o o o o o o o o t t t t t t t t t t t t t t t t t t t t t t t u u u u u u u u u u u u u u u u u u u v v v v v v v v v v v w w w w w w w w w w
p p p p p p p p p p p p p x x x x x x x x x x x x x o o o o o o o o o o t t t t t t t t t t t t t t t t t t t t t t t t t t u u u u u u u u u u u u u u u u u u v v v v v v v v v v v w w w w w w w w w
p p p p p p p p p p p p p x x x x x x x x x x x x x x o o o o o o o o o t t t t t t t t t t t t t t t t t t t t t t t t t t y u u u u u u u u u u u u u u u u v v v v v v v v v v v w w w w w w w w w w
p p p p p p p p p p p p x x x x x x x x x x x x x x o o o o o o o o o t t t t t t t t t t t t t t t t t t t t t t t t t t t y y y y y y u u u u u u u u u u u u v v v v v v v v v v w w w w w w w w w w
p p p p p p p p p p x x x x x x x x x x x x x x x x o o o o o o o o o t t t t t t t t t t t t t t t t t t t t t t t t t t t y y y y y y y u u u u u u u u u u u u v v v v v v v v v w w w w w w w w w w
p p p p p p p p p x x x x x x x x x x x x x x x x x x o o o o o o o t t t t t t t t t t t t t t t t t t t t t t t t t t t t y y y y y y y u u u u u u u u u u u u u v v v v v v v v w w w w w w w w w w
p p p p p p p p p x x x x x x x x x x x x x x x x x x o o o o o o o t t t t t t t t t t t t t t t t t t t t t t t t t t t y y y y y y y y y y u u u u u u u u u u u u v v v v v v v w w w w w w w w w w
p p p p p p p p x x x x x x x x x x x x x x x x x x x x o o o o o o t t t t t t t t t t t t t t t t t t t t t t t t t t t t y y y y y y y y y y u u u u u u u u u u u v v v v v v v w w w w w w w w w w
p p p p p p p p x x x x x x x x x x x x x x x x x x x x x x x x x x t t t t t t t t t t t t t t t t t t t t t t t t t t t y y y y y y y y y y y y u u u u u u u u u v v v v v v v v w w w w w w w w w w
p p p p p p p p x x x x x x x x x x x x x x x x x x x x x x x x x t t t t t t t t t t t t t t t t t t t t t t t t t t t t y y y y y y y y y y y y u u u u u u u u u v v v v v v v v v v w w w w w w w w
p p p p p p p p x x x x x x x x x x x x x x x x x x x x x x x x t t t t t t t t t t t t t t t t t t t t t t t t t t t t t y y y y y y y y y y y y u u u u u u u u u v v v v v v v v v w w w w w w w w w
p p p p p p p p x x x x x x x x x x x x x x x x x x x x x x x x x t t t t t t t t t t t t t t t t t t t t t t t t t t t y y y y y y y y y y y y y y y y y u u u u v v v v v v v v v w w w w w w w w w w
p p p p p p p p x x x x x x x x x x x x x x x x x x x x x x x x x t t t t t t t t t t t z t t t t t t t t t t t t t t t y y y y y y y y y y y y y y y y y u u u v v v v v v v v v v w w w w w w w w w w
p p p p p p p p x x x x x x x x x x x x x x x x x x x x x x x x x z t t t t t t z z z z z z z z t t t t t t t t t t t t y y y y y y y y y y y y y y y y y y u u v v v v v v v v v v v w w w w w w w w w
p p p p p p p p x x x x x x x x x x x x x x x x x x x x x x x x z z z z z z z z z z z z z z z z z z z z t t t t t t z y y y y y y y y y y y y y y y y y y y u u v v v v v v v v v v v w w w w w w w w w
p p p p p p p p x x x x x x x x x x x x x x x x x x x x x x x x z z z z z z z z z z z z z z z z z z z z z t t t z z z z y y y y y y y y y y y y y y y y y y u u v v v v v v v v v v v w w w w w w w w w
p p p p p p p x x x x x x x x x x x x x x x x x x x x x x x x z z z z z z z z z z z z z z z z z z z z z z z z z z z z z z y y y y y y y y y y y y y y y y y y y v v v v v v v v v v v v w w w w w w w w
p p p p p p p p x x x x x x x x x x x x x x x x x x x x x x x z z z z z z z z z z z z z z z z z z z z z z z z z z z z z z y y y y y y y y y y y y y y y y y y v v v v v v v v v v v v v v v w w w w w w
p p p p p p p p x x x x x x x x x x x x x x x x x x x x x x x z z z z z z z z z z z z z z z z z z z z z z z z z z z z z z z y z y y y y y y y y y y y y y y y v v v v v v v v v v v v v v v w w w w w w
p p p p p p p p x x x x x x x x x x x x x x x x x x x x x x x z z z z z z z z z z z z z z z z z z z z z z z z z z z z z z z z z z y y y y y y y y y y y y y y y v v v v v v v v v v v v v v w w w w w w
p p p p p p p p x x x x x x x x x x x x x x x x x x x x x x x z z z z z z z z z z z z z z z z z z z z z z z z z z z z z z z z z z z y y y y y y y y y y y y y y v v v v v v v v v v v v v v w w w w w w
p p p p p p p p x x x x x x x x x x x x x x x x x x x x x x x z z z z z z z z z z z z z z z z z z z z z z z z z z z z z z z z z z z z y y y y y y y y y y y y y y v v v v v v v v v v v v w w w w w w w
p p p p p p p p x x x x x x x x x x x x x x x x x x x x x x x z z z z z z z z z z z z z z z z z z z z z z z z z z z z z z z z z z z z y y y y y y y y y y y y y y v v v v v v v v v v v v w w w w w w w
Case #43:
a a a a a b b b b c c c c d e e e f f f g g g g g
Case #44:
a
b
b
b
b
b
b
b
c
c
c
c
c
d
e
e
e
e
e
e
Case #45:
a b
b b
b b
Case #46:
a a
a a
b b
b b
b b
b b
b b
b b
c c
c c
c c
d d
d d
Case #47:
a b c d e f g h i j k l m
n o p q r s t u v w x y z
Case #48:
a a a a
a a a a
Case #49:
a a a a a a a a a a
a a a a a a a a a a
a a a a a a a a a a
a a a a a a a a a a
Case #50:
a a b b b b b b
a a c c a b b a
a a c c a a a a
a a a a a a a a
a a a a a a a a
a a d d d a a a
a a d d d d a a
a e d d d d f f
g g g g d d f f
g g g g g g f f
g g g g g g g g
g g g g g g g g
g g g g g g g g
g g h h i i g g
g g h h i i i g
g g h h i i i i
g g h h i i i i
g g h h i i i i
h h h h j i i j
h h j j j j j j
h j j j j j j j
k k j j j j j j
k k j j j j j j
k k j j j j j j
Case #51:
a a a a a a b b c c c c
a a a a a b b b c c c c
d d d a a a e e f f c c
d d d a g g e e f f f c
h h h h g g e f f f f f
h h h h h h e e f f f f
h h h h h h e e f f i i
Case #52:
a a a
a a a
a a a
a a a
a a a
a a a
a a a
a a a
a a a
a a a
a a a
a a a
a a a
a a a
a a a
a a a
a a a
b b b
b b b
b b b
b b b
b b b
b b b
b b b
b b b
b b b
b b b
b b b
b b b
b b b
b b b
b b b
b b b
b b b
b b b
b b b
b b b
b b b
b b b
b b b
b b b
c c c
c c c
c c c
c c c
c c c
c c c
c c c
c c c
c c c
c c c
c c c
c c c
c c c
c c c
c c c
c c c
c c c
c c c
c c c
c c c
c c c
c c c
Case #53:
a a
a a
a a
a a
a a
a a
a a
a a
b b
c c
c c
c c
c c
c c
c c
c c
d d
d d
d d
e e
e e
e e
f g
f g
f f
f f
f f
f f
h h
h h
h h
h h
h h
h h
h h
h h
h h
h h
h h
i i
i i
i i
i i
i i
i j
j j
j j
j j
j j
Case #54:
a
a
a
a
a
a
a
b
b
b
b
b
b
c
c
c
c
d
d
d
d
e
e
f
f
f
f
g
g
h
h
h
h
h
i
i
i
Case #55:
a a
a a
a a
a a
a a
a a
a a
a a
a a
a a
a a
a a
a a
a a
a a
a a
a a
a a
a a
a a
a a
a a
a a
a a
a a
a a
a a
Case #56:
a
b
b
Case #57:
a a
a a
a a
a a
a a
b b
b b
b b
b b
b b
c c
c d
c d
d d
e d
e e
e e
f f
f f
f f
f f
f f
f f
f f
f g
g g
g g
h h
h h
i h
i i
i i
i i
i i
i i
i i
i i
j j
j j
j j
k k
k l
m l
m m
m m
m m
m m
Case #58:
a a a a a a b b c c c c c
a a a a a a b c c c c c c
a a a a a a b c c c c c c
a a a a a a b c c c c c c
d d d a d b b c e e e e e
d d d d d d b b e e e e e
Case #59:
a a a a a a a a a a a a a
Case #60:
a
a
a
a
a
a
a
Case #61:
a a a
Case #62:
a a a a b b
a a a a b b
Case #63:
a a b b b c c
a b b b c c c
Case #64:
a
Case #65:
a a b b b b b
a a c b b b b
a a c b b b b
a a c d d b b
a a a e e e e
a a a e e e e
a a a e e e e
a a f e e e e
f f f f e g h
f f i i j g h
i i i i i g g
i i i i g g g
Case #66:
a a a a a
a a b b a
a b b b a
a b b b a
a a a a a
Case #67:
a a a b b b b c c c c c d d d d d d d e e e e e e e e e f f f f f f f f f f f f g g
Case #68:
a a b b c c d e e e e e e f f f f f g g g g g g g h h h h h h i i i i i i j j j j j j j k k k k k
a a b c c c d e e e e e e e e e e e g g g g g g g l h h h h h i i i i i i m j j n n n n k k k k k
Case #69:
a b b c d e e e f f f f f g g
a a c c d d d e f f f f f g g
a c c c d d d d h f f f f f f
a c c c d d d i i i f f f f f
j c c c d d i i i i i f f f f
c c c d d k k i i i i i f f l
c c c k k k k k k k k i m m m
c c k k k k k k k k n m m m m
Case #70:
a a a b b c c c
a a a b b c c c
a a a a b b c c
a a a a b b b c
a a a a a b b d
a a a a e e d d
a a a e e e e d
a f f e e e g g
h h h h e g g g
h h h h g g g g
h h h h g g g g
i i i h g g g g
i i i i g g g g
i i i i i i g g
i i i i i j j g
k k i i i j j l
m k n i o o o l
m n n n o o o l
m n n n o o o o
n n n o o o o o
n n n n o o o o
n n n n p p o o
n n n n p p p p
Case #71:
a
a
a
a
a
a
a
a
b
b
b
b
b
b
Case #72:
a a a b c c c c c
a b b b b c c d d
Case #73:
a
a
a
b
b
b
c
c
c
c
Case #74:
a a b b c c c d d d d e e e f f
Case #75:
a a a a a a a a a a
a a a a a a a a a a
a a a a a a a a a a
a a a a a a a a a a
a a a a a a a a b b
a a a a a a a b b b
a a a a a a b b b b
c c c c c a b b b b
c c c c c b b b b b
Case #76:
a a b b b b b b c c c c d d e e e
a a b b b b b b c c c d d d e e e
Case #77:
a a a a a a a a a a a a a a a a a a a a a a a a a a a a a a a a a a a b b b b b c c c c c c d d d d d d d d d d d d e e e e e e f f f f f f f f f g g g g g g g g g h h h h h h h h h h h h h h h
Case #78:
a a a
a a a
a a a
a a a
a a a
a a a
b b b
b b b
b b b
b b b
b b b
b b b
b b b
b b b
b c b
c c c
c c c
c c c
c c c
Case #79:
a a a a b
b a a a b
b a a a b
b b b b b
b b b b b
b b b b c
b b b c c
c c c c c
c c c c c
c c c c c
c c c c c
d c c c c
d d d d c
d d d d d
e e d d d
e e f f d
g g f f d
g g h h i
g h h h i
h h h h i
h h h i i
j h h i i
j j j i i
j j j i i
j j i i i
j k i i i
k k k i i
k k k k i
k k k k k
k k k k k
k k k k k
l l k k k
l l l l l
l l l l l
l l l l l
l l l l l
l l m n n
l l m n n
m m m n n
m m m m n
m m m m m
o m m m m
o o m m m
o o m m p
o o m p p
q o p p p
q q p p p
q q p p p
q q p p p
q q q p p
q q q q p
q q q q q
q q q q q
q q q q q
q q q q r
r r r r r
r r r r r
r r r r r
r r s s s
r r s s s
r r s s s
t t t s s
t t t t s
t t t t s
Case #80:
a a a a a b b b
Case #81:
a a a b b b b b c c c c c c d d d d e e e e e e e e e f f f f f f f g h h h h h h i i i i i i j j k k k k k k k l l l l l l l l l l l m m m
a a a a b b b b c c c c c c d d d d n e e e e e e e e e f f f f f f f h h h h h o o i i i i i i k k k k k k k k l l l l l l l l l l l m m m
Case #82:
a a a a a a a a a b
Case #83:
a a b b c d d d e f f f f g g g
a b b b c c d d d f f f f g g g
Case #84:
a a b b b c c d d d d d e e e e e e e e f f g g g h h h h h h h h i i i i i i j j j k k k k
a a a b c c c d d d d d e e e e e e e e f f g g g h h h h h h h h i i i i l l j j j j j j j
a a a a d d d d d d d d e e e e e e e e f f g g g h h h h h h h i i i i i l l j j j j j j j
Case #85:
a b b
b b b
b b b
b b b
b b b
c c d
c c d
c d d
e f d
e f f
e e f
e e g
e g g
g g g
g g g
g g g
h g g
h h h
h i i
i i i
i i i
i i i
i i i
i i i
i i i
j k i
j j j
j j l
j l l
Case #86:
a a a a b
c d a e f
c c a f f
c c g f f
c g g g f
Case #87:
a a a a b b
a a a a b b
Case #88:
a a a a b b b c c
a a a b b b b c c
Case #89:
a a a a a a b b b b b c c d d d d d e e e e e e e e e f f f f f f g g g
a a a a a a b b b b b c c d d d d d e e e e e e e e e h f f f f g g g g
a a a a a a a b a a c c c c d d d d e e e e e e e e e i i f f j j g g g
a a a a a a a a a a a c c c d k k k k e e e e e e e e i i i i i g g g g
a a a a a a a a a a a a c c c k k k k k k k k e e e i i i i i i g g g g
Case #90:
a b b b b b b b c c d d d d d d e e e e e e e f f f f f g g g
a a a b b b b b c c d d d d d d e e e e e e e e f f f f h g g
a a a a b b b c c c d d d d d d d e e e e e e e f f f h h g g
Case #91:
a a a b c c c d d
b a b b e d d d d
b b b b e e d d f
b b b b e e f f f
b b b b b g f f f
b b b b g g g f f
b b b b h g g f f
Case #92:
a a a a b
c d a e f
c c f f f
c c g f f
c g g g f
Case #93:
a a
a a
a a
a a
a a
a a
a a
a a
a a
a a
a a
a a
a a
a a
a a
b b
b b
b b
b b
b b
b b
b b
b b
b b
c c
c c
c c
c c
c c
c c
Case #94:
a a a a
Case #95:
a a a a a a a a b b b b b b b b b b c c c c c c d d d d d e e e f
Case #96:
a a a a b b b b b b c c c c
Case #97:
a a a b b b c c c
Case #98:
a a a a a a a a b b c c c c c d d d e e e e f f f g g g g h h h h h i i i j j k k
a a a a a a a a c c c c c c c d d d e e e e l f f g g g g h h h h h h i i k k k k
Case #99:
a a a a
a a a a
a a a a
a a b a
a a b a
a a b c
a a c c
d d c c
d d c c
d d c c
d d e e
f f e e
e e e e
g g g g
g g g g
g g g g
g g g g
g g g g
g g g g
g g g g
g h h h
h h h h
h h h h
h h h i
j j i i
j j j i
j j j j
j j j j
j j j j
j j j j
Case #100:
a a a a b c c
a a a a b d d
a a a a d d d
