Case #1: 012
Case #2: 2468
Case #3: 114
Case #4: 3
Case #5: 4567
Case #6: SZAR: defaultdict(<type 'int'>, {'E': 0, 'F': 1, 'I': 3, 'H': 0, 'O': 0, 'N': 1, 'S': 0, 'R': 0, 'V': 0, 'X': 1})
Case #7: 0
Case #8: 111122
Case #9: 046
Case #10: 22669
Case #11: 11111
Case #12: 177
Case #13: 8
Case #14: 4
Case #15: 0119
Case #16: SZAR: defaultdict(<type 'int'>, {'E': 1, 'I': 0, 'H': 0, 'O': 2, 'N': 0, 'S': 1, 'R': 0, 'T': 0, 'V': 0, 'X': 1})
Case #17: 88
Case #18: 111112
Case #19: 0577
Case #20: 888
Case #21: 129
Case #22: 19999
Case #23: 3457
Case #24: 0588
Case #25: 11119
Case #26: 00001
Case #27: 149
Case #28: 112222
Case #29: 237
Case #30: 268
Case #31: 111222
Case #32: 1579
Case #33: 13
Case #34: 25
Case #35: 49
Case #36: SZAR: defaultdict(<type 'int'>, {'E': 0, 'F': 1, 'I': 2, 'H': 0, 'O': 1, 'N': 0, 'S': 0, 'R': 0, 'T': 0, 'V': 0, 'X': 1})
Case #37: 222222
Case #38: 67
Case #39: SZAR: defaultdict(<type 'int'>, {'E': 0, 'F': 1, 'I': 3, 'H': 0, 'O': 0, 'N': 1, 'S': 0, 'R': 0, 'T': 0, 'W': 0, 'V': 0, 'X': 1})
Case #40: 244
Case #41: 013
Case #42: 36
Case #43: 2399
Case #44: 3478
Case #45: 111111
Case #46: 338
Case #47: 049
Case #48: 288
Case #49: 1799
Case #50: 249
Case #51: 8
Case #52: 148
Case #53: 0
Case #54: 135
Case #55: 58
Case #56: 00000
Case #57: SZAR: defaultdict(<type 'int'>, {'E': 1, 'I': 0, 'H': 0, 'O': 2, 'N': 0, 'S': 1, 'R': 0, 'T': 0, 'V': 0, 'X': 1})
Case #58: 11199
Case #59: 568
Case #60: 0
Case #61: SZAR: defaultdict(<type 'int'>, {'E': 1, 'I': 0, 'H': 0, 'O': 2, 'N': 0, 'S': 1, 'R': 0, 'T': 0, 'V': 0, 'X': 1})
Case #62: 11999
Case #63: 3359
Case #64: 29
Case #65: 19
Case #66: 5778
Case #67: 1379
Case #68: 99999
Case #69: 14
Case #70: 26
Case #71: 01
Case #72: 38
Case #73: 599
Case #74: 1179
Case #75: 07
Case #76: 3689
Case #77: 122222
Case #78: 111227
Case #79: 269
Case #80: 1779
Case #81: 22
Case #82: 112255
Case #83: 01579
Case #84: 1
Case #85: 0169
Case #86: 448
Case #87: 133
Case #88: 11129
Case #89: 467
Case #90: 035
Case #91: 0159
Case #92: 02239
Case #93: 1348
Case #94: 4588
Case #95: 2
Case #96: 00
Case #97: 01122
Case #98: 0599
Case #99: 7
Case #100: SZAR: defaultdict(<type 'int'>, {'E': 0, 'F': 1, 'I': 3, 'H': 0, 'O': 0, 'N': 1, 'S': 0, 'R': 0, 'V': 0, 'X': 1})
