Case #1: 19 20
Case #2: 023 023
Case #3: 0 0
Case #4: 05 00
Case #5: 99 99
Case #6: 750 750
Case #7: 405 405
Case #8: 404 404
Case #9: 99 99
Case #10: 312 351
Case #11: 005 005
Case #12: 05 05
Case #13: 009 060
Case #14: 005 005
Case #15: 022 022
Case #16: 594 983
Case #17: 199 199
Case #18: 988 993
Case #19: 040 009
Case #20: 603 601
Case #21: 00 05
Case #22: 99 99
Case #23: 018 018
Case #24: 010 010
Case #25: 90 90
Case #26: 040 060
Case #27: 99 09
Case #28: 719 738
Case #29: 098 009
Case #30: 029 060
Case #31: 807 807
Case #32: 094 683
Case #33: 014 066
Case #34: 000 000
Case #35: 452 413
Case #36: 09 09
Case #37: 014 033
Case #38: 479 049
Case #39: 142 094
Case #40: 095 108
Case #41: 019 050
Case #42: 019 060
Case #43: 9 9
Case #44: 761 761
Case #45: 05 05
Case #46: 99 95
Case #47: 060 019
Case #48: 00 00
Case #49: 939 249
Case #50: 032 032
Case #51: 95 95
Case #52: 070 029
Case #53: 079 025
Case #54: 99 99
Case #55: 039 090
Case #56: 197 406
Case #57: 404 404
Case #58: 489 493
Case #59: 100 079
Case #60: 599 601
Case #61: 99 99
Case #62: 580 580
Case #63: 080 029
Case #64: 023 023
Case #65: 049 090
Case #66: 090 092
Case #67: 90 09
Case #68: 239 288
Case #69: 920 881
Case #70: 670 667
Case #71: 09 09
Case #72: 029 080
Case #73: 00 00
Case #74: 360 360
Case #75: 049 080
Case #76: 9 9
Case #77: 159 161
Case #78: 016 065
Case #79: 09 09
Case #80: 036 085
Case #81: 904 407
Case #82: 90 90
Case #83: 855 854
Case #84: 092 093
Case #85: 09 00
Case #86: 99 90
Case #87: 009 050
Case #88: 090 059
Case #89: 05 10
Case #90: 00 09
Case #91: 039 080
Case #92: 580 399
Case #93: 850 841
Case #94: 397 401
Case #95: 497 500
Case #96: 123 612
Case #97: 099 909
Case #98: 99 99
Case #99: 05 05
Case #100: 291 286
Case #101: 5 5
Case #102: 99 99
Case #103: 410 410
Case #104: 028 028
Case #105: 00 00
Case #106: 060 009
Case #107: 698 690
Case #108: 09 99
Case #109: 00 00
Case #110: 09 05
Case #111: 701 706
Case #112: 646 665
Case #113: 909 910
Case #114: 382 382
Case #115: 090 049
Case #116: 093 098
Case #117: 00 00
Case #118: 000 000
Case #119: 000 009
Case #120: 279 320
Case #121: 5 5
Case #122: 95 95
Case #123: 308 310
Case #124: 05 05
Case #125: 797 298
Case #126: 90 90
Case #127: 059 090
Case #128: 00 00
Case #129: 078 078
Case #130: 369 650
Case #131: 039 070
Case #132: 909 990
Case #133: 09 09
Case #134: 768 379
Case #135: 080 049
Case #136: 097 139
Case #137: 070 039
Case #138: 010 010
Case #139: 05 09
Case #140: 90 90
Case #141: 420 420
Case #142: 09 90
Case #143: 562 513
Case #144: 808 808
Case #145: 99 99
Case #146: 291 291
Case #147: 429 427
Case #148: 95 99
Case #149: 800 619
Case #150: 450 430
Case #151: 93 88
Case #152: 196 196
Case #153: 070 019
Case #154: 992 988
Case #155: 004 004
Case #156: 004 006
Case #157: 050 019
Case #158: 988 992
Case #159: 492 492
Case #160: 0 0
Case #161: 896 908
Case #162: 080 039
Case #163: 00 00
Case #164: 108 108
Case #165: 390 390
Case #166: 060 029
Case #167: 372 391
Case #168: 090 099
Case #169: 0 0
Case #170: 465 465
Case #171: 001 001
Case #172: 377 766
Case #173: 098 093
Case #174: 88 93
Case #175: 802 901
Case #176: 90 99
Case #177: 050 009
Case #178: 009 040
Case #179: 029 070
Case #180: 670 089
Case #181: 736 727
Case #182: 807 810
Case #183: 974 985
Case #184: 010 010
Case #185: 092 098
Case #186: 308 301
Case #187: 099 090
Case #188: 460 460
Case #189: 279 328
Case #190: 090 039
Case #191: 621 670
Case #192: 019 070
Case #193: 504 504
Case #194: 910 909
Case #195: 993 988
Case #196: 10 05
Case #197: 085 085
Case #198: 015 054
Case #199: 380 349
Case #200: 990 909
