Case #1: 19 20
Case #2: 023 023
Case #3: 0 0
Case #4: 05 00
Case #5: 90 90
Case #6: 000 000
Case #7: 090 039
Case #8: 308 310
Case #9: 00 00
Case #10: 05 05
Case #11: 081 081
Case #12: 099 090
Case #13: 199 490
Case #14: 006 006
Case #15: 592 610
Case #16: 800 800
Case #17: 09 09
Case #18: 088 088
Case #19: 205 205
Case #20: 084 084
Case #21: 00 00
Case #22: 00 00
Case #23: 040 040
Case #24: 00 00
Case #25: 555 558
Case #26: 800 377
Case #27: 030 019
Case #28: 90 90
Case #29: 800 093
Case #30: 000 009
Case #31: 004 001
Case #32: 539 548
Case #33: 99 99
Case #34: 99 99
Case #35: 060 019
Case #36: 475 478
Case #37: 00 09
Case #38: 559 900
Case #39: 099 909
Case #40: 09 09
Case #41: 039 080
Case #42: 007 003
Case #43: 029 600
Case #44: 019 050
Case #45: 098 098
Case #46: 049 090
Case #47: 595 595
Case #48: 700 700
Case #49: 507 507
Case #50: 99 99
Case #51: 429 421
Case #52: 0 0
Case #53: 220 058
Case #54: 009 060
Case #55: 00 00
Case #56: 93 88
Case #57: 9 9
Case #58: 039 090
Case #59: 070 019
Case #60: 019 060
Case #61: 295 700
Case #62: 939 975
Case #63: 544 544
Case #64: 090 059
Case #65: 506 506
Case #66: 040 009
Case #67: 99 99
Case #68: 993 988
Case #69: 5 5
Case #70: 004 004
Case #71: 988 993
Case #72: 721 679
Case #73: 88 93
Case #74: 0 0
Case #75: 05 10
Case #76: 000 000
Case #77: 029 060
Case #78: 970 420
Case #79: 820 820
Case #80: 730 727
Case #81: 060 009
Case #82: 09 05
Case #83: 490 465
Case #84: 343 343
Case #85: 023 030
Case #86: 800 699
Case #87: 790 599
Case #88: 759 907
Case #89: 080 049
Case #90: 098 093
Case #91: 599 601
Case #92: 325 069
Case #93: 95 95
Case #94: 070 039
Case #95: 95 99
Case #96: 95 95
Case #97: 99 99
Case #98: 371 371
Case #99: 09 99
Case #100: 007 007
Case #101: 909 910
Case #102: 99 99
Case #103: 000 000
Case #104: 029 070
Case #105: 770 770
Case #106: 070 029
Case #107: 800 803
Case #108: 029 080
Case #109: 992 988
Case #110: 009 070
Case #111: 99 95
Case #112: 081 079
Case #113: 5 5
Case #114: 09 00
Case #115: 05 05
Case #116: 009 050
Case #117: 9 9
Case #118: 080 076
Case #119: 030 003
Case #120: 009 020
Case #121: 99 09
Case #122: 99 90
Case #123: 040 019
Case #124: 009 040
Case #125: 908 289
Case #126: 988 992
Case #127: 99 99
Case #128: 759 770
Case #129: 106 106
Case #130: 008 008
Case #131: 050 049
Case #132: 05 09
Case #133: 301 301
Case #134: 350 199
Case #135: 497 500
Case #136: 700 698
Case #137: 039 070
Case #138: 908 902
Case #139: 550 179
Case #140: 090 049
Case #141: 199 199
Case #142: 093 098
Case #143: 049 080
Case #144: 192 203
Case #145: 90 90
Case #146: 899 909
Case #147: 001 001
Case #148: 650 650
Case #149: 10 05
Case #150: 474 474
Case #151: 074 074
Case #152: 562 580
Case #153: 090 099
Case #154: 011 009
Case #155: 700 590
Case #156: 99 99
Case #157: 860 548
Case #158: 00 05
Case #159: 092 093
Case #160: 900 898
Case #161: 092 098
Case #162: 05 05
Case #163: 90 90
Case #164: 909 990
Case #165: 050 009
Case #166: 09 09
Case #167: 09 90
Case #168: 05 05
Case #169: 00 00
Case #170: 633 634
Case #171: 080 029
Case #172: 200 200
Case #173: 080 039
Case #174: 640 640
Case #175: 328 328
Case #176: 990 909
Case #177: 159 161
Case #178: 803 803
Case #179: 09 09
Case #180: 807 810
Case #181: 450 196
Case #182: 90 09
Case #183: 407 407
Case #184: 305 309
Case #185: 304 305
Case #186: 080 081
Case #187: 397 760
Case #188: 059 090
Case #189: 90 99
Case #190: 659 674
Case #191: 019 065
Case #192: 080 080
Case #193: 050 019
Case #194: 910 909
Case #195: 102 107
Case #196: 00 00
Case #197: 060 029
Case #198: 019 070
Case #199: 315 279
Case #200: 397 401
