Case #1: 19 20
Case #2: 023 023
Case #3: 0 0
Case #4: 05 00
Case #5: 004 004
Case #6: 050 050
Case #7: 0 0
Case #8: 5 5
Case #9: 5 5
Case #10: 090 049
Case #11: 0 0
Case #12: 803 803
Case #13: 800 599
Case #14: 330 330
Case #15: 896 896
Case #16: 060 019
Case #17: 153 194
Case #18: 000 009
Case #19: 070 019
Case #20: 029 070
Case #21: 619 630
Case #22: 080 029
Case #23: 616 615
Case #24: 99 99
Case #25: 00 05
Case #26: 400 400
Case #27: 159 161
Case #28: 719 730
Case #29: 534 570
Case #30: 801 805
Case #31: 008 008
Case #32: 911 907
Case #33: 092 098
Case #34: 090 039
Case #35: 99 99
Case #36: 99 90
Case #37: 00 00
Case #38: 199 199
Case #39: 508 498
Case #40: 09 00
Case #41: 99 99
Case #42: 95 95
Case #43: 090 059
Case #44: 99 99
Case #45: 090 090
Case #46: 090 099
Case #47: 050 019
Case #48: 014 055
Case #49: 99 99
Case #50: 05 05
Case #51: 909 910
Case #52: 006 015
Case #53: 99 95
Case #54: 060 063
Case #55: 099 909
Case #56: 124 124
Case #57: 308 310
Case #58: 859 950
Case #59: 093 098
Case #60: 019 050
Case #61: 070 039
Case #62: 060 029
Case #63: 09 09
Case #64: 90 90
Case #65: 93 88
Case #66: 600 600
Case #67: 00 00
Case #68: 804 804
Case #69: 800 800
Case #70: 05 05
Case #71: 009 060
Case #72: 800 269
Case #73: 00 00
Case #74: 90 90
Case #75: 05 05
Case #76: 909 990
Case #77: 9 9
Case #78: 00 00
Case #79: 99 99
Case #80: 842 845
Case #81: 253 256
Case #82: 054 054
Case #83: 499 704
Case #84: 807 810
Case #85: 019 060
Case #86: 910 909
Case #87: 723 740
Case #88: 09 09
Case #89: 00 09
Case #90: 05 10
Case #91: 029 080
Case #92: 09 99
Case #93: 506 159
Case #94: 870 870
Case #95: 09 90
Case #96: 019 070
Case #97: 038 038
Case #98: 00 00
Case #99: 370 349
Case #100: 009 040
Case #101: 004 004
Case #102: 040 009
Case #103: 09 05
Case #104: 049 049
Case #105: 007 007
Case #106: 992 988
Case #107: 99 09
Case #108: 491 491
Case #109: 009 050
Case #110: 90 90
Case #111: 098 093
Case #112: 600 600
Case #113: 309 302
Case #114: 198 304
Case #115: 10 05
Case #116: 516 516
Case #117: 059 090
Case #118: 059 059
Case #119: 000 000
Case #120: 369 569
Case #121: 254 226
Case #122: 049 950
Case #123: 500 428
Case #124: 397 760
Case #125: 05 05
Case #126: 800 699
Case #127: 899 899
Case #128: 95 99
Case #129: 080 039
Case #130: 156 156
Case #131: 580 580
Case #132: 90 09
Case #133: 993 988
Case #134: 092 093
Case #135: 300 300
Case #136: 020 019
Case #137: 506 179
Case #138: 00 00
Case #139: 00 00
Case #140: 497 500
Case #141: 257 255
Case #142: 487 487
Case #143: 041 041
Case #144: 029 060
Case #145: 599 601
Case #146: 09 09
Case #147: 95 95
Case #148: 730 727
Case #149: 9 9
Case #150: 940 399
Case #151: 030 009
Case #152: 680 309
Case #153: 875 900
Case #154: 003 009
Case #155: 400 279
Case #156: 039 080
Case #157: 007 002
Case #158: 090 090
Case #159: 199 605
Case #160: 060 009
Case #161: 99 99
Case #162: 728 730
Case #163: 028 070
Case #164: 099 090
Case #165: 049 080
Case #166: 019 065
Case #167: 710 299
Case #168: 397 401
Case #169: 160 138
Case #170: 047 047
Case #171: 90 90
Case #172: 005 005
Case #173: 988 993
Case #174: 88 93
Case #175: 039 090
Case #176: 080 049
Case #177: 721 679
Case #178: 359 361
Case #179: 050 009
Case #180: 05 09
Case #181: 103 092
Case #182: 022 021
Case #183: 99 99
Case #184: 309 311
Case #185: 09 09
Case #186: 988 992
Case #187: 596 596
Case #188: 039 070
Case #189: 050 029
Case #190: 234 234
Case #191: 90 99
Case #192: 305 305
Case #193: 320 320
Case #194: 080 053
Case #195: 990 909
Case #196: 091 091
Case #197: 060 060
Case #198: 646 646
Case #199: 049 090
Case #200: 070 029
