[('f', 'p'), ('h', 't'), ('r', 'y'), ('s', 'w'), ('u', 'z')]
120
Case #1: 120
[('b', 'a'), ('d', 'l'), ('n', 'f')]
6
Case #2: 9
[('h', 'g'), ('n', 'i'), ('o', 'u'), ('v', 'c')]
24
Case #3: 28
[('b', 'g'), ('g', 't'), ('n', 's'), ('t', 'v'), ('v', 'n')]
1
Case #4: 2
[('n', 'y')]
1
Case #5: 25
[('h', 'a'), ('r', 'c'), ('s', 'd'), ('t', 'j'), ('y', 'u')]
120
Case #6: 124
[('d', 'q'), ('h', 'p'), ('q', 'h')]
1
Case #7: 2
[('a', 'q'), ('j', 'k'), ('r', 't'), ('t', 'j')]
2
Case #8: 10
[('i', 'j'), ('j', 'w'), ('k', 'i')]
1
Case #9: 1
[('l', 'k'), ('x', 's')]
2
Case #10: 2
Case #11: 1
[('e', 't'), ('o', 'e'), ('s', 'q')]
2
Case #12: 3
[('f', 'g'), ('p', 'f'), ('v', 'u')]
2
Case #13: 2
[('a', 'l'), ('d', 'k'), ('i', 'e'), ('k', 'r'), ('w', 'd'), ('y', 'w')]
6
Case #14: 10
[('c', 'f'), ('f', 'z'), ('i', 'n'), ('l', 'm')]
6
Case #15: 7
[('h', 'a')]
1
Case #16: 9
Case #17: 1
[('a', 'f'), ('f', 'v'), ('z', 'a')]
1
Case #18: 3
[('k', 's')]
1
Case #19: 2
[('g', 'x'), ('x', 'd')]
1
Case #20: 1
Case #21: 0
[('o', 'u'), ('r', 'e'), ('w', 's')]
6
Case #22: 8
[('e', 'z'), ('l', 'i'), ('w', 'e')]
2
Case #23: 2
[('o', 'y'), ('v', 'z'), ('x', 'w')]
6
Case #24: 13
[('i', 'o'), ('o', 'f'), ('q', 'j'), ('v', 'w')]
6
Case #25: 7
[('d', 'f'), ('f', 'w'), ('l', 'u')]
2
Case #26: 9
[('b', 'm'), ('n', 't')]
2
Case #27: 4
[('d', 'q'), ('i', 'j')]
2
Case #28: 4
[('b', 'c'), ('n', 'a')]
2
Case #29: 2
[('i', 'g'), ('r', 'i'), ('u', 'm')]
2
Case #30: 5
[('g', 'o'), ('i', 'p'), ('j', 'g'), ('k', 'l'), ('l', 'r'), ('o', 'i'), ('y', 'j')]
2
Case #31: 5
[('b', 'g'), ('g', 'o'), ('i', 'w'), ('l', 't'), ('m', 'b'), ('s', 'r'), ('v', 'l')]
24
Case #32: 25
[('f', 'r'), ('h', 'a'), ('i', 'y'), ('l', 'z'), ('o', 'x'), ('r', 'o'), ('x', 'i'), ('y', 'l'), ('z', 'e')]
2
Case #33: 2
[('a', 'v'), ('e', 'b'), ('f', 'm'), ('h', 'z'), ('j', 'a'), ('m', 'l'), ('z', 'j')]
6
Case #34: 9
[('c', 'a'), ('o', 'd')]
2
Case #35: 3
[('f', 't'), ('l', 'i'), ('q', 'u'), ('r', 'q'), ('t', 'r'), ('v', 'f')]
2
Case #36: 5
[('a', 't'), ('d', 'v'), ('i', 'q'), ('u', 'i')]
6
Case #37: 11
[('a', 't'), ('e', 'm'), ('j', 'e'), ('m', 'a'), ('q', 'o'), ('z', 'c')]
6
Case #38: 6
[('b', 'n'), ('c', 'b'), ('m', 'y')]
2
Case #39: 3
[('a', 'f'), ('e', 'p'), ('f', 'e'), ('l', 'd'), ('p', 'l')]
1
Case #40: 1
[('a', 'r'), ('h', 'b'), ('j', 'u'), ('q', 'i'), ('s', 'g')]
120
Case #41: 122
[('a', 'n'), ('g', 'j')]
2
Case #42: 6
[('a', 'c')]
1
Case #43: 1
[('a', 'c')]
1
Case #44: 3
[('m', 'r'), ('r', 'v'), ('v', 'o'), ('w', 'c')]
2
Case #45: 2
[('c', 'z'), ('d', 'l'), ('g', 'a'), ('m', 'b')]
24
Case #46: 25
[('c', 'y'), ('p', 'a'), ('t', 'm'), ('x', 'n')]
24
Case #47: 30
[('c', 't'), ('e', 'j'), ('t', 'o'), ('v', 'h')]
6
Case #48: 6
[('b', 'u'), ('i', 'd'), ('n', 'c'), ('r', 'v')]
24
Case #49: 26
[('b', 'z'), ('d', 'g'), ('f', 'u')]
6
Case #50: 8
[('p', 'c'), ('z', 'a')]
2
Case #51: 3
[('q', 'r'), ('x', 'k')]
2
Case #52: 2
[('c', 'n'), ('g', 'j'), ('l', 'r'), ('r', 'z'), ('v', 'm')]
24
Case #53: 26
[('n', 'r')]
1
Case #54: 8
[('a', 'f'), ('e', 'l'), ('m', 'o'), ('x', 'm')]
6
Case #55: 10
Case #56: 2
[('c', 'b'), ('e', 'm'), ('t', 'g'), ('y', 'z')]
24
Case #57: 28
[('c', 'e'), ('e', 'z'), ('q', 'y'), ('r', 'x'), ('x', 'c')]
2
Case #58: 2
[('g', 'p'), ('k', 'q'), ('r', 'o'), ('s', 'c'), ('t', 'y')]
120
Case #59: 144
[('r', 'k'), ('s', 'r')]
1
Case #60: 1
Case #61: 0
[('d', 'z'), ('z', 'h')]
1
Case #62: 1
[('b', 'i'), ('m', 'j')]
2
Case #63: 26
[('d', 'j'), ('i', 'c'), ('j', 's'), ('k', 'v'), ('o', 'z'), ('p', 'x'), ('s', 'r'), ('w', 'd')]
120
Case #64: 121
[('f', 'r'), ('h', 'z'), ('r', 'p'), ('v', 'o'), ('w', 'f'), ('z', 'e')]
6
Case #65: 9
[('a', 'c'), ('c', 'a')]
1
Case #66: 3
[('g', 'p'), ('o', 'g'), ('p', 'u'), ('s', 'o'), ('t', 'l'), ('u', 'x'), ('x', 't')]
1
Case #67: 2
[('e', 'v'), ('f', 'g'), ('g', 'e'), ('v', 'y')]
1
Case #68: 3
[('e', 't'), ('m', 'q'), ('o', 'i'), ('q', 'e'), ('t', 'o'), ('z', 'l')]
2
Case #69: 2
[('a', 'z')]
1
Case #70: 1
[('f', 'h'), ('h', 'q'), ('q', 'r'), ('r', 'k'), ('t', 'y'), ('y', 'f')]
1
Case #71: 4
[('h', 'i'), ('i', 'w'), ('w', 'j')]
1
Case #72: 3
[('x', 'd')]
1
Case #73: 2
[('a', 'o'), ('i', 'x'), ('u', 'y')]
6
Case #74: 7
[('h', 's'), ('l', 'r'), ('r', 'h'), ('s', 'j')]
1
Case #75: 1
[('e', 'a'), ('n', 'r'), ('t', 's'), ('w', 'f'), ('z', 'i')]
120
Case #76: 122
[('f', 'k'), ('k', 'l'), ('r', 'f'), ('t', 'm')]
2
Case #77: 8
[('r', 'n'), ('w', 'm')]
2
Case #78: 2
[('f', 'v'), ('w', 'd'), ('z', 'l')]
6
Case #79: 8
[('a', 'x'), ('i', 'y'), ('t', 'd'), ('v', 'i')]
6
Case #80: 8
[('a', 'h'), ('c', 'o'), ('j', 'n'), ('n', 'k'), ('v', 't')]
24
Case #81: 27
[('a', 'b'), ('b', 'c'), ('c', 'd')]
1
Case #82: 1
[('b', 't'), ('e', 'u'), ('n', 'z'), ('t', 'v'), ('v', 'e'), ('z', 'l')]
2
Case #83: 3
Case #84: 1
[('b', 'f'), ('m', 'd'), ('p', 's'), ('u', 'y'), ('x', 'b')]
24
Case #85: 29
Case #86: 0
[('m', 'j'), ('r', 'b'), ('y', 't')]
6
Case #87: 9
[('m', 'n'), ('q', 'v'), ('s', 'r'), ('w', 'l'), ('y', 'c')]
120
Case #88: 120
Case #89: 0
[('k', 'o')]
1
Case #90: 2
[('b', 'c')]
1
Case #91: 3
[('d', 's'), ('n', 'd'), ('u', 'c')]
2
Case #92: 2
[('c', 'l'), ('h', 'n'), ('n', 'o'), ('o', 'm'), ('q', 'f')]
6
Case #93: 7
[('k', 'r'), ('m', 'n'), ('x', 't')]
6
Case #94: 15
[('e', 'v'), ('h', 'p'), ('s', 'h'), ('t', 'w')]
6
Case #95: 11
[('c', 'u'), ('f', 'k'), ('g', 'z'), ('o', 'h'), ('q', 'g'), ('z', 'f')]
6
Case #96: 6
[('b', 'n'), ('g', 'b')]
1
Case #97: 25
[('p', 'h'), ('q', 'j'), ('z', 'i')]
6
Case #98: 7
[('o', 'q'), ('r', 'p'), ('t', 'i'), ('y', 'd')]
24
Case #99: 27
[('h', 'm'), ('l', 'j'), ('u', 'e')]
6
Case #100: 10
